Defaulting to user installation because normal site-packages is not writeable
Requirement already satisfied: numpy in /orcd/software/core/001/pkg/miniforge/24.3.0-0/lib/python3.10/site-packages (from -r /home/willzhao/diffusion/requirements.txt (line 1)) (1.26.4)
Requirement already satisfied: idx2numpy in /orcd/home/002/willzhao/.local/lib/python3.10/site-packages (from -r /home/willzhao/diffusion/requirements.txt (line 2)) (1.2.3)
Requirement already satisfied: torch in /orcd/software/core/001/pkg/miniforge/24.3.0-0/lib/python3.10/site-packages (from -r /home/willzhao/diffusion/requirements.txt (line 3)) (2.5.1)
Requirement already satisfied: torchvision in /orcd/software/core/001/pkg/miniforge/24.3.0-0/lib/python3.10/site-packages (from -r /home/willzhao/diffusion/requirements.txt (line 4)) (0.20.1)
Requirement already satisfied: pyyaml in /orcd/software/core/001/pkg/miniforge/24.3.0-0/lib/python3.10/site-packages (from -r /home/willzhao/diffusion/requirements.txt (line 5)) (6.0.2)
Requirement already satisfied: matplotlib in /orcd/software/core/001/pkg/miniforge/24.3.0-0/lib/python3.10/site-packages (from -r /home/willzhao/diffusion/requirements.txt (line 6)) (3.9.3)
Requirement already satisfied: pillow in /orcd/software/core/001/pkg/miniforge/24.3.0-0/lib/python3.10/site-packages (from -r /home/willzhao/diffusion/requirements.txt (line 7)) (11.0.0)
Requirement already satisfied: diffusers in /orcd/home/002/willzhao/.local/lib/python3.10/site-packages (from -r /home/willzhao/diffusion/requirements.txt (line 8)) (0.36.0)
Requirement already satisfied: huggingface-hub<1.0,>=0.24.0 in /orcd/home/002/willzhao/.local/lib/python3.10/site-packages (from -r /home/willzhao/diffusion/requirements.txt (line 9)) (0.36.0)
Requirement already satisfied: safetensors in /orcd/software/core/001/pkg/miniforge/24.3.0-0/lib/python3.10/site-packages (from -r /home/willzhao/diffusion/requirements.txt (line 10)) (0.4.5)
Requirement already satisfied: accelerate in /orcd/home/002/willzhao/.local/lib/python3.10/site-packages (from -r /home/willzhao/diffusion/requirements.txt (line 11)) (1.12.0)
Requirement already satisfied: six in /orcd/software/core/001/pkg/miniforge/24.3.0-0/lib/python3.10/site-packages (from idx2numpy->-r /home/willzhao/diffusion/requirements.txt (line 2)) (1.17.0)
Requirement already satisfied: filelock in /orcd/software/core/001/pkg/miniforge/24.3.0-0/lib/python3.10/site-packages (from torch->-r /home/willzhao/diffusion/requirements.txt (line 3)) (3.16.1)
Requirement already satisfied: typing-extensions>=4.8.0 in /orcd/software/core/001/pkg/miniforge/24.3.0-0/lib/python3.10/site-packages (from torch->-r /home/willzhao/diffusion/requirements.txt (line 3)) (4.12.2)
Requirement already satisfied: networkx in /orcd/software/core/001/pkg/miniforge/24.3.0-0/lib/python3.10/site-packages (from torch->-r /home/willzhao/diffusion/requirements.txt (line 3)) (3.4.2)
Requirement already satisfied: jinja2 in /orcd/software/core/001/pkg/miniforge/24.3.0-0/lib/python3.10/site-packages (from torch->-r /home/willzhao/diffusion/requirements.txt (line 3)) (3.1.4)
Requirement already satisfied: fsspec in /orcd/software/core/001/pkg/miniforge/24.3.0-0/lib/python3.10/site-packages (from torch->-r /home/willzhao/diffusion/requirements.txt (line 3)) (2024.10.0)
Requirement already satisfied: sympy==1.13.1 in /orcd/software/core/001/pkg/miniforge/24.3.0-0/lib/python3.10/site-packages (from torch->-r /home/willzhao/diffusion/requirements.txt (line 3)) (1.13.1)
Requirement already satisfied: mpmath<1.4,>=1.1.0 in /orcd/software/core/001/pkg/miniforge/24.3.0-0/lib/python3.10/site-packages (from sympy==1.13.1->torch->-r /home/willzhao/diffusion/requirements.txt (line 3)) (1.3.0)
Requirement already satisfied: contourpy>=1.0.1 in /orcd/software/core/001/pkg/miniforge/24.3.0-0/lib/python3.10/site-packages (from matplotlib->-r /home/willzhao/diffusion/requirements.txt (line 6)) (1.3.1)
Requirement already satisfied: cycler>=0.10 in /orcd/software/core/001/pkg/miniforge/24.3.0-0/lib/python3.10/site-packages (from matplotlib->-r /home/willzhao/diffusion/requirements.txt (line 6)) (0.12.1)
Requirement already satisfied: fonttools>=4.22.0 in /orcd/software/core/001/pkg/miniforge/24.3.0-0/lib/python3.10/site-packages (from matplotlib->-r /home/willzhao/diffusion/requirements.txt (line 6)) (4.55.1)
Requirement already satisfied: kiwisolver>=1.3.1 in /orcd/software/core/001/pkg/miniforge/24.3.0-0/lib/python3.10/site-packages (from matplotlib->-r /home/willzhao/diffusion/requirements.txt (line 6)) (1.4.7)
Requirement already satisfied: packaging>=20.0 in /orcd/software/core/001/pkg/miniforge/24.3.0-0/lib/python3.10/site-packages (from matplotlib->-r /home/willzhao/diffusion/requirements.txt (line 6)) (24.0)
Requirement already satisfied: pyparsing>=2.3.1 in /orcd/software/core/001/pkg/miniforge/24.3.0-0/lib/python3.10/site-packages (from matplotlib->-r /home/willzhao/diffusion/requirements.txt (line 6)) (3.2.0)
Requirement already satisfied: python-dateutil>=2.7 in /orcd/software/core/001/pkg/miniforge/24.3.0-0/lib/python3.10/site-packages (from matplotlib->-r /home/willzhao/diffusion/requirements.txt (line 6)) (2.9.0.post0)
Requirement already satisfied: importlib_metadata in /orcd/software/core/001/pkg/miniforge/24.3.0-0/lib/python3.10/site-packages (from diffusers->-r /home/willzhao/diffusion/requirements.txt (line 8)) (8.5.0)
Requirement already satisfied: httpx<1.0.0 in /orcd/software/core/001/pkg/miniforge/24.3.0-0/lib/python3.10/site-packages (from diffusers->-r /home/willzhao/diffusion/requirements.txt (line 8)) (0.28.1)
Requirement already satisfied: regex!=2019.12.17 in /orcd/software/core/001/pkg/miniforge/24.3.0-0/lib/python3.10/site-packages (from diffusers->-r /home/willzhao/diffusion/requirements.txt (line 8)) (2024.11.6)
Requirement already satisfied: requests in /orcd/software/core/001/pkg/miniforge/24.3.0-0/lib/python3.10/site-packages (from diffusers->-r /home/willzhao/diffusion/requirements.txt (line 8)) (2.31.0)
Requirement already satisfied: tqdm>=4.42.1 in /orcd/software/core/001/pkg/miniforge/24.3.0-0/lib/python3.10/site-packages (from huggingface-hub<1.0,>=0.24.0->-r /home/willzhao/diffusion/requirements.txt (line 9)) (4.66.2)
Requirement already satisfied: hf-xet<2.0.0,>=1.1.3 in /orcd/home/002/willzhao/.local/lib/python3.10/site-packages (from huggingface-hub<1.0,>=0.24.0->-r /home/willzhao/diffusion/requirements.txt (line 9)) (1.2.0)
Requirement already satisfied: psutil in /orcd/software/core/001/pkg/miniforge/24.3.0-0/lib/python3.10/site-packages (from accelerate->-r /home/willzhao/diffusion/requirements.txt (line 11)) (7.0.0)
Requirement already satisfied: anyio in /orcd/software/core/001/pkg/miniforge/24.3.0-0/lib/python3.10/site-packages (from httpx<1.0.0->diffusers->-r /home/willzhao/diffusion/requirements.txt (line 8)) (4.7.0)
Requirement already satisfied: certifi in /orcd/software/core/001/pkg/miniforge/24.3.0-0/lib/python3.10/site-packages (from httpx<1.0.0->diffusers->-r /home/willzhao/diffusion/requirements.txt (line 8)) (2024.8.30)
Requirement already satisfied: httpcore==1.* in /orcd/software/core/001/pkg/miniforge/24.3.0-0/lib/python3.10/site-packages (from httpx<1.0.0->diffusers->-r /home/willzhao/diffusion/requirements.txt (line 8)) (1.0.7)
Requirement already satisfied: idna in /orcd/software/core/001/pkg/miniforge/24.3.0-0/lib/python3.10/site-packages (from httpx<1.0.0->diffusers->-r /home/willzhao/diffusion/requirements.txt (line 8)) (3.6)
Requirement already satisfied: h11<0.15,>=0.13 in /orcd/software/core/001/pkg/miniforge/24.3.0-0/lib/python3.10/site-packages (from httpcore==1.*->httpx<1.0.0->diffusers->-r /home/willzhao/diffusion/requirements.txt (line 8)) (0.14.0)
Requirement already satisfied: zipp>=3.20 in /orcd/software/core/001/pkg/miniforge/24.3.0-0/lib/python3.10/site-packages (from importlib_metadata->diffusers->-r /home/willzhao/diffusion/requirements.txt (line 8)) (3.21.0)
Requirement already satisfied: MarkupSafe>=2.0 in /orcd/software/core/001/pkg/miniforge/24.3.0-0/lib/python3.10/site-packages (from jinja2->torch->-r /home/willzhao/diffusion/requirements.txt (line 3)) (3.0.2)
Requirement already satisfied: charset-normalizer<4,>=2 in /orcd/software/core/001/pkg/miniforge/24.3.0-0/lib/python3.10/site-packages (from requests->diffusers->-r /home/willzhao/diffusion/requirements.txt (line 8)) (3.3.2)
Requirement already satisfied: urllib3<3,>=1.21.1 in /orcd/software/core/001/pkg/miniforge/24.3.0-0/lib/python3.10/site-packages (from requests->diffusers->-r /home/willzhao/diffusion/requirements.txt (line 8)) (2.2.1)
Requirement already satisfied: exceptiongroup>=1.0.2 in /orcd/software/core/001/pkg/miniforge/24.3.0-0/lib/python3.10/site-packages (from anyio->httpx<1.0.0->diffusers->-r /home/willzhao/diffusion/requirements.txt (line 8)) (1.2.2)
Requirement already satisfied: sniffio>=1.1 in /orcd/software/core/001/pkg/miniforge/24.3.0-0/lib/python3.10/site-packages (from anyio->httpx<1.0.0->diffusers->-r /home/willzhao/diffusion/requirements.txt (line 8)) (1.3.1)
step 0 time: 1603.67ms
step 1 time: 1192.99ms
step 2 time: 1168.12ms
step 3 time: 1174.75ms
step 4 time: 1202.74ms
step 5 time: 1384.05ms
step 6 time: 1155.10ms
step 7 time: 1214.49ms
step 8 time: 1231.68ms
step 9 time: 1187.56ms
step 10 time: 1190.81ms
step 11 time: 1187.11ms
step 12 time: 1186.10ms
step 13 time: 1196.53ms
step 14 time: 1183.94ms
step 15 time: 1183.67ms
step 16 time: 1211.61ms
step 17 time: 1267.04ms
step 18 time: 1208.94ms
step 19 time: 1179.45ms
step 20 time: 1192.06ms
step 21 time: 1212.21ms
step 22 time: 1218.38ms
step 23 time: 1191.59ms
step 24 time: 1207.27ms
step 25 time: 1193.75ms
step 26 time: 1325.76ms
step 27 time: 1184.53ms
step 28 time: 1184.72ms
step 29 time: 1211.07ms
step 30 time: 1186.20ms
step 31 time: 1194.12ms
step 32 time: 1192.26ms
step 33 time: 1188.89ms
step 34 time: 1188.14ms
step 35 time: 1218.94ms
step 36 time: 1218.25ms
step 37 time: 1184.01ms
step 38 time: 1226.39ms
step 39 time: 1196.29ms
step 40 time: 1194.33ms
step 41 time: 1278.73ms
step 42 time: 1168.23ms
step 43 time: 1206.77ms
step 44 time: 1200.58ms
step 45 time: 1183.01ms
step 46 time: 1197.48ms
step 47 time: 1182.71ms
step 48 time: 1201.67ms
step 49 time: 1187.74ms
step 50 time: 1255.75ms
step 51 time: 1216.11ms
step 52 time: 1221.27ms
step 53 time: 1219.56ms
step 54 time: 1196.02ms
step 55 time: 1214.04ms
step 56 time: 1227.19ms
step 57 time: 1187.24ms
step 58 time: 1187.25ms
step 59 time: 1198.49ms
step 60 time: 1199.04ms
step 61 time: 1353.58ms
step 62 time: 1187.74ms
step 63 time: 1277.77ms
step 64 time: 1188.21ms
step 65 time: 1212.21ms
step 66 time: 1187.42ms
step 67 time: 1187.85ms
step 68 time: 1195.71ms
step 69 time: 1197.35ms
step 70 time: 1187.28ms
step 71 time: 1186.99ms
step 72 time: 1220.70ms
step 73 time: 1211.99ms
step 74 time: 1269.95ms
step 75 time: 1218.61ms
step 76 time: 1189.55ms
step 77 time: 1184.93ms
step 78 time: 1188.38ms
step 79 time: 1205.98ms
step 80 time: 1189.74ms
step 81 time: 1184.23ms
step 82 time: 1194.62ms
step 83 time: 1189.92ms
step 84 time: 1441.40ms
step 85 time: 1187.38ms
step 86 time: 1210.46ms
step 87 time: 1160.81ms
step 88 time: 1254.50ms
step 89 time: 1190.33ms
step 90 time: 1190.73ms
step 91 time: 1185.66ms
step 92 time: 1375.41ms
step 93 time: 1187.87ms
step 94 time: 1373.79ms
step 95 time: 1176.20ms
step 96 time: 1189.78ms
step 97 time: 1191.95ms
step 98 time: 1187.20ms
step 99 time: 1192.55ms
step 100 time: 1190.91ms
step 101 time: 1210.83ms
step 102 time: 1217.24ms
step 103 time: 1245.59ms
step 104 time: 1222.39ms
step 105 time: 1209.59ms
step 106 time: 1201.35ms
step 107 time: 1186.08ms
step 108 time: 1218.53ms
step 109 time: 1178.45ms
step 110 time: 1246.59ms
step 111 time: 1413.58ms
step 112 time: 1192.16ms
step 113 time: 1189.68ms
step 114 time: 1192.77ms
step 115 time: 1213.24ms
step 116 time: 1211.32ms
step 117 time: 1266.00ms
step 118 time: 1230.23ms
step 119 time: 1188.24ms
step 120 time: 1199.88ms
step 121 time: 1287.94ms
step 122 time: 1193.71ms
step 123 time: 1216.70ms
step 124 time: 1188.04ms
step 125 time: 1204.50ms
step 126 time: 1204.22ms
step 127 time: 1195.86ms
step 128 time: 1209.40ms
step 129 time: 1188.17ms
step 130 time: 1189.80ms
step 131 time: 1212.33ms
step 132 time: 1160.53ms
step 133 time: 1212.10ms
step 134 time: 1234.52ms
step 135 time: 1229.97ms
step 136 time: 1199.24ms
step 137 time: 1271.74ms
step 138 time: 1187.74ms
step 139 time: 1196.09ms
step 140 time: 1241.56ms
step 141 time: 1223.16ms
step 142 time: 1240.56ms
step 143 time: 1220.96ms
step 144 time: 1194.86ms
step 145 time: 1253.94ms
step 146 time: 1186.43ms
step 147 time: 1193.75ms
step 148 time: 1194.20ms
step 149 time: 1240.49ms
step 150 time: 1200.41ms
step 151 time: 1198.54ms
step 152 time: 1198.98ms
step 153 time: 1232.16ms
step 154 time: 1190.96ms
step 155 time: 1198.45ms
step 156 time: 1219.37ms
step 157 time: 1232.74ms
step 158 time: 1232.54ms
step 159 time: 1199.64ms
step 160 time: 1181.48ms
step 161 time: 1195.23ms
step 162 time: 1317.92ms
step 163 time: 1186.00ms
step 164 time: 1357.58ms
step 165 time: 1281.95ms
step 166 time: 1197.39ms
step 167 time: 1196.96ms
step 168 time: 1188.03ms
step 169 time: 1224.74ms
step 170 time: 1193.49ms
step 171 time: 1203.07ms
step 172 time: 1240.91ms
step 173 time: 1292.46ms
step 174 time: 1386.53ms
step 175 time: 1171.72ms
step 176 time: 1191.24ms
step 177 time: 1298.57ms
step 178 time: 1197.00ms
step 179 time: 1200.69ms
step 180 time: 1215.59ms
step 181 time: 1366.38ms
step 182 time: 1209.33ms
step 183 time: 1199.95ms
step 184 time: 1211.03ms
step 185 time: 1233.97ms
step 186 time: 1189.39ms
step 187 time: 1222.40ms
step 188 time: 1190.97ms
step 189 time: 1190.72ms
step 190 time: 1239.73ms
step 191 time: 1196.69ms
step 192 time: 1179.90ms
step 193 time: 1195.49ms
step 194 time: 1188.52ms
step 195 time: 1189.79ms
step 196 time: 1205.10ms
step 197 time: 1175.32ms
step 198 time: 1225.27ms
step 199 time: 1191.59ms
step 200 time: 1202.87ms
step 201 time: 1188.03ms
step 202 time: 1198.15ms
step 203 time: 1187.17ms
step 204 time: 1248.55ms
step 205 time: 1246.34ms
step 206 time: 1187.07ms
step 207 time: 1180.16ms
step 208 time: 1166.09ms
step 209 time: 1192.55ms
step 210 time: 1211.79ms
step 211 time: 1250.03ms
step 212 time: 1219.16ms
step 213 time: 1245.19ms
step 214 time: 1190.81ms
step 215 time: 1183.51ms
step 216 time: 1242.10ms
step 217 time: 1190.26ms
step 218 time: 1214.23ms
step 219 time: 1242.64ms
step 220 time: 1254.66ms
step 221 time: 1231.74ms
step 222 time: 1191.56ms
step 223 time: 1403.33ms
step 224 time: 1260.77ms
step 225 time: 1188.14ms
step 226 time: 1206.67ms
step 227 time: 1184.26ms
step 228 time: 1249.12ms
step 229 time: 1256.21ms
step 230 time: 1224.94ms
step 231 time: 1197.92ms
step 232 time: 1225.13ms
step 233 time: 1185.80ms
step 234 time: 1198.37ms
step 235 time: 1185.82ms
step 236 time: 1222.05ms
step 237 time: 1216.26ms
step 238 time: 1228.80ms
step 239 time: 1188.09ms
step 240 time: 1185.44ms
step 241 time: 1297.06ms
step 242 time: 1204.66ms
step 243 time: 1207.20ms
step 244 time: 1218.17ms
step 245 time: 1237.87ms
step 246 time: 1185.09ms
step 247 time: 1191.38ms
step 248 time: 1311.95ms
step 249 time: 1189.75ms
step 250 time: 1233.01ms
step 251 time: 1218.61ms
step 252 time: 1248.08ms
step 253 time: 1193.70ms
step 254 time: 1208.49ms
step 255 time: 1190.03ms
step 256 time: 1189.12ms
step 257 time: 1190.46ms
step 258 time: 1187.31ms
step 259 time: 1191.56ms
step 260 time: 1196.46ms
step 261 time: 1235.73ms
step 262 time: 1205.20ms
step 263 time: 1336.64ms
step 264 time: 1266.93ms
step 265 time: 1193.93ms
step 266 time: 1206.28ms
step 267 time: 1255.91ms
step 268 time: 1235.61ms
step 269 time: 1203.54ms
step 270 time: 1199.31ms
step 271 time: 1186.50ms
step 272 time: 1188.04ms
step 273 time: 1198.53ms
step 274 time: 1210.72ms
step 275 time: 1218.16ms
step 276 time: 1199.11ms
step 277 time: 1222.56ms
step 278 time: 1217.27ms
step 279 time: 1185.12ms
step 280 time: 1183.52ms
step 281 time: 1193.83ms
step 282 time: 1192.58ms
step 283 time: 1221.66ms
step 284 time: 1153.62ms
step 285 time: 1359.50ms
step 286 time: 1221.67ms
step 287 time: 1197.92ms
step 288 time: 1285.23ms
step 289 time: 1195.55ms
step 290 time: 1210.73ms
step 291 time: 1169.50ms
step 292 time: 1259.56ms
step 293 time: 1193.05ms
step 294 time: 1190.17ms
step 295 time: 1202.87ms
step 296 time: 1200.07ms
step 297 time: 1190.61ms
step 298 time: 1191.09ms
step 299 time: 1180.68ms
step 300 time: 1254.49ms
step 301 time: 1403.40ms
step 302 time: 1184.98ms
step 303 time: 1207.77ms
step 304 time: 1253.53ms
step 305 time: 1190.13ms
step 306 time: 1201.55ms
step 307 time: 1180.98ms
step 308 time: 1229.81ms
step 309 time: 1241.97ms
step 310 time: 1210.78ms
step 311 time: 1232.48ms
step 312 time: 1190.79ms
step 313 time: 1202.82ms
step 314 time: 1188.07ms
step 315 time: 1159.05ms
step 316 time: 1235.20ms
step 317 time: 1208.73ms
step 318 time: 1189.82ms
step 319 time: 1425.25ms
step 320 time: 1377.39ms
step 321 time: 1189.91ms
step 322 time: 1216.10ms
step 323 time: 1182.79ms
step 324 time: 1235.80ms
step 325 time: 1249.62ms
step 326 time: 1193.35ms
step 327 time: 1198.40ms
step 328 time: 1254.95ms
step 329 time: 1187.96ms
step 330 time: 1202.78ms
step 331 time: 1210.08ms
step 332 time: 1224.11ms
step 333 time: 1239.36ms
step 334 time: 1208.82ms
step 335 time: 1194.08ms
step 336 time: 1241.01ms
step 337 time: 1192.40ms
step 338 time: 1221.66ms
step 339 time: 1249.85ms
step 340 time: 1206.25ms
step 341 time: 1263.46ms
step 342 time: 1182.98ms
step 343 time: 1198.55ms
step 344 time: 1277.45ms
step 345 time: 1159.76ms
step 346 time: 1187.10ms
step 347 time: 1212.46ms
step 348 time: 1202.17ms
step 349 time: 1194.38ms
step 350 time: 1191.86ms
step 351 time: 1197.78ms
step 352 time: 1186.25ms
step 353 time: 1189.69ms
step 354 time: 1233.46ms
step 355 time: 1176.51ms
step 356 time: 1217.40ms
step 357 time: 1185.52ms
step 358 time: 1215.81ms
step 359 time: 1194.49ms
step 360 time: 1189.37ms
step 361 time: 1194.78ms
step 362 time: 1406.96ms
step 363 time: 1246.00ms
step 364 time: 1292.84ms
step 365 time: 1221.72ms
step 366 time: 1177.60ms
step 367 time: 1185.40ms
step 368 time: 1199.75ms
step 369 time: 1229.26ms
step 370 time: 1198.38ms
step 371 time: 1217.48ms
step 372 time: 1193.92ms
step 373 time: 1225.78ms
step 374 time: 1232.05ms
step 375 time: 1224.85ms
step 376 time: 1229.12ms
step 377 time: 1342.11ms
step 378 time: 1189.57ms
step 379 time: 1197.87ms
step 380 time: 1215.30ms
step 381 time: 1218.31ms
step 382 time: 1211.96ms
step 383 time: 1164.25ms
step 384 time: 1189.75ms
step 385 time: 1170.31ms
step 386 time: 1186.81ms
step 387 time: 1219.91ms
step 388 time: 1220.43ms
step 389 time: 1217.15ms
step 390 time: 1228.29ms
step 391 time: 1182.24ms
step 392 time: 1197.00ms
step 393 time: 1198.15ms
step 394 time: 1194.53ms
step 395 time: 1237.92ms
step 396 time: 1190.75ms
step 397 time: 1249.36ms
step 398 time: 1272.49ms
step 399 time: 1189.73ms
step 400 time: 1183.62ms
step 401 time: 1167.08ms
step 402 time: 1189.69ms
step 403 time: 1436.15ms
step 404 time: 1158.29ms
step 405 time: 1262.64ms
step 406 time: 1197.79ms
step 407 time: 1202.62ms
step 408 time: 1183.18ms
step 409 time: 1187.17ms
step 410 time: 1189.44ms
step 411 time: 1193.39ms
step 412 time: 1320.54ms
step 413 time: 1184.13ms
step 414 time: 1199.76ms
step 415 time: 1193.37ms
step 416 time: 1235.96ms
step 417 time: 1191.79ms
step 418 time: 1167.74ms
step 419 time: 1218.49ms
step 420 time: 1187.97ms
step 421 time: 1301.85ms
step 422 time: 1279.55ms
step 423 time: 1358.16ms
step 424 time: 1220.43ms
step 425 time: 1237.26ms
step 426 time: 1188.38ms
step 427 time: 1240.50ms
step 428 time: 1189.78ms
step 429 time: 1207.79ms
step 430 time: 1179.65ms
step 431 time: 1239.76ms
step 432 time: 1207.19ms
step 433 time: 1250.06ms
step 434 time: 1209.64ms
step 435 time: 1198.00ms
step 436 time: 1191.01ms
step 437 time: 1221.76ms
step 438 time: 1209.28ms
step 439 time: 1230.90ms
step 440 time: 1250.75ms
step 441 time: 1187.12ms
step 442 time: 1195.69ms
step 443 time: 1271.92ms
step 444 time: 1199.41ms
step 445 time: 1211.03ms
step 446 time: 1279.53ms
step 447 time: 1195.30ms
step 448 time: 1199.43ms
step 449 time: 1215.20ms
step 450 time: 1182.31ms
step 451 time: 1189.00ms
step 452 time: 1195.72ms
step 453 time: 1199.90ms
step 454 time: 1208.27ms
step 455 time: 1190.35ms
step 456 time: 1213.80ms
step 457 time: 1206.34ms
step 458 time: 1200.03ms
step 459 time: 1187.34ms
step 460 time: 1296.42ms
step 461 time: 1191.39ms
step 462 time: 1236.69ms
step 463 time: 1215.50ms
step 464 time: 1366.11ms
step 465 time: 1190.44ms
step 466 time: 1205.57ms
step 467 time: 1195.80ms
step 468 time: 1354.54ms
step 469 time: 1186.93ms
step 470 time: 1231.55ms
step 471 time: 1181.55ms
step 472 time: 1249.64ms
step 473 time: 1192.22ms
step 474 time: 1217.85ms
step 475 time: 1199.80ms
step 476 time: 1189.20ms
step 477 time: 1192.96ms
step 478 time: 1406.70ms
step 479 time: 1276.89ms
step 480 time: 1184.89ms
step 481 time: 1189.89ms
step 482 time: 1211.59ms
step 483 time: 1193.37ms
step 484 time: 1182.79ms
step 485 time: 1191.29ms
step 486 time: 1227.52ms
step 487 time: 1161.76ms
step 488 time: 1243.79ms
step 489 time: 1293.76ms
step 490 time: 1381.83ms
step 491 time: 1197.03ms
step 492 time: 1475.03ms
step 493 time: 1192.76ms
step 494 time: 1367.77ms
step 495 time: 1249.36ms
step 496 time: 1215.65ms
step 497 time: 1241.48ms
step 498 time: 1186.60ms
step 499 time: 1184.44ms
step 500 time: 1323.45ms
step 501 time: 1197.98ms
step 502 time: 1187.68ms
step 503 time: 1190.04ms
step 504 time: 1222.28ms
step 505 time: 1160.44ms
step 506 time: 1214.67ms
step 507 time: 1240.84ms
step 508 time: 1182.00ms
step 509 time: 1195.04ms
step 510 time: 1257.05ms
step 511 time: 1197.27ms
step 512 time: 1276.97ms
step 513 time: 1162.43ms
step 514 time: 1185.26ms
step 515 time: 1217.57ms
step 516 time: 1196.56ms
step 517 time: 1211.53ms
step 518 time: 1191.80ms
step 519 time: 1360.16ms
step 520 time: 1186.58ms
step 521 time: 1220.16ms
step 522 time: 1192.67ms
step 523 time: 1219.85ms
step 524 time: 1363.92ms
step 525 time: 1183.55ms
step 526 time: 1192.57ms
step 527 time: 1193.29ms
step 528 time: 1277.58ms
step 529 time: 1226.62ms
step 530 time: 1241.94ms
step 531 time: 1188.33ms
step 532 time: 1215.83ms
step 533 time: 1192.02ms
step 534 time: 1195.01ms
step 535 time: 1226.49ms
step 536 time: 1214.38ms
step 537 time: 1224.39ms
step 538 time: 1216.22ms
step 539 time: 1198.55ms
step 540 time: 1192.60ms
step 541 time: 1202.21ms
step 542 time: 1196.70ms
step 543 time: 1201.28ms
step 544 time: 1285.25ms
step 545 time: 1196.38ms
step 546 time: 1201.66ms
step 547 time: 1190.84ms
step 548 time: 1529.27ms
step 549 time: 1186.60ms
step 550 time: 1201.37ms
step 551 time: 1218.40ms
step 552 time: 1229.04ms
step 553 time: 1261.57ms
step 554 time: 1206.07ms
step 555 time: 1236.86ms
step 556 time: 1204.41ms
step 557 time: 1189.89ms
step 558 time: 1200.56ms
step 559 time: 1248.92ms
step 560 time: 1210.78ms
step 561 time: 1237.16ms
step 562 time: 1263.89ms
step 563 time: 1188.89ms
step 564 time: 1194.26ms
step 565 time: 1224.03ms
step 566 time: 1222.33ms
step 567 time: 1260.50ms
step 568 time: 1421.61ms
step 569 time: 1341.01ms
step 570 time: 1205.52ms
step 571 time: 1196.89ms
step 572 time: 1192.85ms
step 573 time: 1195.19ms
step 574 time: 1223.24ms
step 575 time: 1235.21ms
step 576 time: 1238.67ms
step 577 time: 1194.42ms
step 578 time: 1227.16ms
step 579 time: 1226.60ms
step 580 time: 1194.34ms
step 581 time: 1227.68ms
step 582 time: 1199.56ms
step 583 time: 1230.07ms
step 584 time: 1266.43ms
step 585 time: 1222.30ms
step 586 time: 1189.46ms
step 587 time: 1194.76ms
step 588 time: 1253.77ms
step 589 time: 1163.55ms
step 590 time: 1261.72ms
step 591 time: 1195.69ms
step 592 time: 1232.47ms
step 593 time: 1182.76ms
step 594 time: 1184.62ms
step 595 time: 1193.26ms
step 596 time: 1202.92ms
step 597 time: 1224.73ms
step 598 time: 1242.68ms
step 599 time: 1223.15ms
step 600 time: 1244.30ms
step 601 time: 1254.33ms
step 602 time: 1229.93ms
step 603 time: 1219.84ms
step 604 time: 1234.21ms
step 605 time: 1202.69ms
step 606 time: 1235.33ms
step 607 time: 1199.27ms
step 608 time: 1211.28ms
step 609 time: 1250.90ms
step 610 time: 1216.59ms
step 611 time: 1205.31ms
step 612 time: 1194.51ms
step 613 time: 1181.39ms
step 614 time: 1193.98ms
step 615 time: 1242.03ms
step 616 time: 1222.60ms
step 617 time: 1253.39ms
step 618 time: 1240.53ms
step 619 time: 1295.82ms
step 620 time: 1218.23ms
step 621 time: 1270.95ms
step 622 time: 1196.38ms
step 623 time: 1224.14ms
step 624 time: 1197.50ms
step 625 time: 1262.70ms
step 626 time: 1233.99ms
step 627 time: 1191.77ms
step 628 time: 1227.48ms
step 629 time: 1191.27ms
step 630 time: 1203.97ms
step 631 time: 1215.29ms
step 632 time: 1234.42ms
step 633 time: 1204.80ms
step 634 time: 1203.91ms
step 635 time: 1185.19ms
step 636 time: 1182.10ms
step 637 time: 1194.64ms
step 638 time: 1202.68ms
step 639 time: 1285.69ms
step 640 time: 1373.55ms
step 641 time: 1248.24ms
step 642 time: 1206.55ms
step 643 time: 1226.09ms
step 644 time: 1202.56ms
step 645 time: 1191.58ms
step 646 time: 1223.09ms
step 647 time: 1257.59ms
step 648 time: 1199.63ms
step 649 time: 1259.78ms
step 650 time: 1207.08ms
step 651 time: 1185.38ms
step 652 time: 1198.14ms
step 653 time: 1195.69ms
step 654 time: 1225.60ms
step 655 time: 1248.16ms
step 656 time: 1241.05ms
step 657 time: 1189.63ms
step 658 time: 1194.19ms
step 659 time: 1260.87ms
step 660 time: 1192.87ms
step 661 time: 1364.00ms
step 662 time: 1208.58ms
step 663 time: 1192.92ms
step 664 time: 1232.42ms
step 665 time: 1253.71ms
step 666 time: 1191.00ms
step 667 time: 1189.76ms
step 668 time: 1249.82ms
step 669 time: 1195.21ms
step 670 time: 1257.78ms
step 671 time: 1234.05ms
step 672 time: 1360.89ms
step 673 time: 1398.07ms
step 674 time: 1344.07ms
step 675 time: 1195.27ms
step 676 time: 1230.06ms
step 677 time: 1206.69ms
step 678 time: 1227.94ms
step 679 time: 1201.09ms
step 680 time: 1199.13ms
step 681 time: 1206.84ms
step 682 time: 1224.79ms
step 683 time: 1190.44ms
step 684 time: 1191.68ms
step 685 time: 1171.45ms
step 686 time: 1210.80ms
step 687 time: 1263.97ms
step 688 time: 1285.53ms
step 689 time: 1186.10ms
step 690 time: 1353.31ms
step 691 time: 1227.83ms
step 692 time: 1169.18ms
step 693 time: 1268.68ms
step 694 time: 1224.23ms
step 695 time: 1204.85ms
step 696 time: 1184.08ms
step 697 time: 1194.41ms
step 698 time: 1194.31ms
step 699 time: 1231.63ms
step 700 time: 1234.92ms
step 701 time: 1262.69ms
step 702 time: 1224.23ms
step 703 time: 1192.86ms
step 704 time: 1207.07ms
step 705 time: 1193.02ms
step 706 time: 1213.59ms
step 707 time: 1211.97ms
step 708 time: 1249.33ms
step 709 time: 1192.12ms
step 710 time: 1210.29ms
step 711 time: 1187.90ms
step 712 time: 1198.24ms
step 713 time: 1192.74ms
step 714 time: 1232.01ms
step 715 time: 1222.19ms
step 716 time: 1230.02ms
step 717 time: 1253.57ms
step 718 time: 1184.92ms
step 719 time: 1203.93ms
step 720 time: 1251.71ms
step 721 time: 1257.29ms
step 722 time: 1190.89ms
step 723 time: 1200.21ms
step 724 time: 1348.88ms
step 725 time: 1229.98ms
step 726 time: 1194.98ms
step 727 time: 1264.52ms
step 728 time: 1191.52ms
step 729 time: 1308.68ms
step 730 time: 1324.40ms
step 731 time: 1244.03ms
step 732 time: 1264.88ms
step 733 time: 1233.48ms
step 734 time: 1233.42ms
step 735 time: 1253.27ms
step 736 time: 1197.73ms
step 737 time: 1199.09ms
step 738 time: 1168.42ms
step 739 time: 1319.51ms
step 740 time: 1431.15ms
step 741 time: 1197.29ms
step 742 time: 1182.94ms
step 743 time: 1189.45ms
step 744 time: 1198.94ms
step 745 time: 1218.88ms
step 746 time: 1240.76ms
step 747 time: 1238.52ms
step 748 time: 1302.78ms
step 749 time: 1198.42ms
step 750 time: 1267.17ms
step 751 time: 1188.83ms
step 752 time: 1283.60ms
step 753 time: 1233.51ms
step 754 time: 1197.13ms
step 755 time: 1258.83ms
step 756 time: 1197.93ms
step 757 time: 1223.97ms
step 758 time: 1270.23ms
step 759 time: 1194.43ms
step 760 time: 1217.97ms
step 761 time: 1192.13ms
step 762 time: 1269.40ms
step 763 time: 1256.69ms
step 764 time: 1200.62ms
step 765 time: 1233.76ms
step 766 time: 1196.57ms
step 767 time: 1190.51ms
step 768 time: 1226.30ms
step 769 time: 1191.59ms
step 770 time: 1257.45ms
step 771 time: 1261.97ms
step 772 time: 1215.67ms
step 773 time: 1218.67ms
step 774 time: 1251.47ms
step 775 time: 1246.24ms
step 776 time: 1224.40ms
step 777 time: 1191.66ms
step 778 time: 1265.25ms
step 779 time: 1258.18ms
step 780 time: 1216.69ms
step 781 time: 1219.22ms
step 782 time: 1203.05ms
step 783 time: 1198.02ms
step 784 time: 1226.07ms
step 785 time: 1236.64ms
step 786 time: 1241.47ms
step 787 time: 1246.04ms
step 788 time: 1195.71ms
step 789 time: 1270.77ms
step 790 time: 1192.34ms
step 791 time: 1227.30ms
step 792 time: 1181.22ms
step 793 time: 1213.42ms
step 794 time: 1259.76ms
step 795 time: 1283.34ms
step 796 time: 1283.64ms
step 797 time: 1195.23ms
step 798 time: 1197.58ms
step 799 time: 1221.51ms
step 800 time: 1228.55ms
step 801 time: 1257.03ms
step 802 time: 1187.31ms
step 803 time: 1218.58ms
step 804 time: 1187.29ms
step 805 time: 1437.07ms
step 806 time: 1360.51ms
step 807 time: 1205.34ms
step 808 time: 1165.51ms
step 809 time: 1182.07ms
step 810 time: 1222.26ms
step 811 time: 1219.43ms
step 812 time: 1358.36ms
step 813 time: 1194.50ms
step 814 time: 1190.10ms
step 815 time: 1223.46ms
step 816 time: 1262.04ms
step 817 time: 1209.08ms
step 818 time: 1253.31ms
step 819 time: 1250.57ms
step 820 time: 1183.69ms
step 821 time: 1192.57ms
step 822 time: 1215.74ms
step 823 time: 1159.76ms
step 824 time: 1342.70ms
step 825 time: 1199.83ms
step 826 time: 1201.98ms
step 827 time: 1187.71ms
step 828 time: 1188.42ms
step 829 time: 1200.51ms
step 830 time: 1196.52ms
step 831 time: 1210.95ms
step 832 time: 1248.55ms
step 833 time: 1197.32ms
step 834 time: 1203.45ms
step 835 time: 1338.21ms
step 836 time: 1201.20ms
step 837 time: 1192.00ms
step 838 time: 1226.00ms
step 839 time: 1212.05ms
step 840 time: 1231.76ms
step 841 time: 1203.51ms
step 842 time: 1189.42ms
step 843 time: 1222.28ms
step 844 time: 1211.69ms
step 845 time: 1200.80ms
step 846 time: 1211.56ms
step 847 time: 1217.31ms
step 848 time: 1205.33ms
step 849 time: 1211.32ms
step 850 time: 1187.86ms
step 851 time: 1221.43ms
step 852 time: 1206.35ms
step 853 time: 1232.27ms
step 854 time: 1191.67ms
step 855 time: 1228.57ms
step 856 time: 1205.94ms
step 857 time: 1222.68ms
step 858 time: 1194.23ms
step 859 time: 1278.59ms
step 860 time: 1191.55ms
step 861 time: 1207.03ms
step 862 time: 1214.66ms
step 863 time: 1322.68ms
step 864 time: 1233.20ms
step 865 time: 1194.13ms
step 866 time: 1229.63ms
step 867 time: 1193.78ms
step 868 time: 1224.98ms
step 869 time: 1216.57ms
step 870 time: 1187.21ms
step 871 time: 1253.09ms
step 872 time: 1187.05ms
step 873 time: 1235.16ms
step 874 time: 1195.76ms
step 875 time: 1236.64ms
step 876 time: 1218.95ms
step 877 time: 1266.85ms
step 878 time: 1200.35ms
step 879 time: 1220.52ms
step 880 time: 1199.59ms
step 881 time: 1272.87ms
step 882 time: 1200.10ms
step 883 time: 1246.56ms
step 884 time: 1205.27ms
step 885 time: 1235.87ms
step 886 time: 1205.94ms
step 887 time: 1185.33ms
step 888 time: 1203.38ms
step 889 time: 1227.34ms
step 890 time: 1199.56ms
step 891 time: 1207.00ms
step 892 time: 1309.76ms
step 893 time: 1223.98ms
step 894 time: 1264.41ms
step 895 time: 1221.59ms
step 896 time: 1194.10ms
step 897 time: 1191.62ms
step 898 time: 1217.81ms
step 899 time: 1226.73ms
step 900 time: 1188.17ms
step 901 time: 1253.50ms
step 902 time: 1188.20ms
step 903 time: 1221.17ms
step 904 time: 1278.68ms
step 905 time: 1323.07ms
step 906 time: 1210.15ms
step 907 time: 1182.02ms
step 908 time: 1225.01ms
step 909 time: 1252.28ms
step 910 time: 1193.60ms
step 911 time: 1179.64ms
step 912 time: 1196.93ms
step 913 time: 1209.12ms
step 914 time: 1222.98ms
step 915 time: 1229.12ms
step 916 time: 1258.47ms
step 917 time: 1196.81ms
step 918 time: 1232.74ms
step 919 time: 1193.08ms
step 920 time: 1216.96ms
step 921 time: 1192.30ms
step 922 time: 1417.67ms
step 923 time: 1214.52ms
step 924 time: 1197.15ms
step 925 time: 1201.09ms
step 926 time: 1181.20ms
step 927 time: 1193.08ms
step 928 time: 1215.93ms
step 929 time: 1195.56ms
step 930 time: 1262.15ms
step 931 time: 1255.65ms
step 932 time: 1196.56ms
step 933 time: 1241.00ms
step 934 time: 1194.22ms
step 935 time: 1254.08ms
step 936 time: 1179.52ms
step 937 time: 1255.05ms
step 938 time: 1274.09ms
step 939 time: 1190.74ms
step 940 time: 1193.01ms
step 941 time: 1273.06ms
step 942 time: 1191.39ms
step 943 time: 1218.75ms
step 944 time: 1192.44ms
step 945 time: 1223.69ms
step 946 time: 1225.94ms
step 947 time: 1218.93ms
step 948 time: 1430.62ms
step 949 time: 1369.28ms
step 950 time: 1210.98ms
step 951 time: 1201.10ms
step 952 time: 1211.74ms
step 953 time: 1214.73ms
step 954 time: 1218.13ms
step 955 time: 1193.00ms
step 956 time: 1307.18ms
step 957 time: 1191.03ms
step 958 time: 1201.76ms
step 959 time: 1260.45ms
step 960 time: 1237.29ms
step 961 time: 1230.50ms
step 962 time: 1196.94ms
step 963 time: 1196.68ms
step 964 time: 1255.42ms
step 965 time: 1189.85ms
step 966 time: 1204.04ms
step 967 time: 1192.06ms
step 968 time: 1255.39ms
step 969 time: 1235.30ms
step 970 time: 1202.12ms
step 971 time: 1373.28ms
step 972 time: 1195.74ms
step 973 time: 1190.62ms
step 974 time: 1198.87ms
step 975 time: 1166.65ms
step 976 time: 1225.76ms
step 977 time: 1223.67ms
step 978 time: 1186.91ms
step 979 time: 1220.17ms
step 980 time: 1197.23ms
step 981 time: 1193.90ms
step 982 time: 1226.85ms
step 983 time: 1219.25ms
step 984 time: 1223.27ms
step 985 time: 1257.77ms
step 986 time: 1386.73ms
step 987 time: 1212.92ms
step 988 time: 1186.94ms
step 989 time: 1264.22ms
step 990 time: 1191.13ms
step 991 time: 1273.30ms
step 992 time: 1278.93ms
step 993 time: 1193.50ms
step 994 time: 1188.89ms
step 995 time: 1183.80ms
step 996 time: 1190.71ms
step 997 time: 1213.39ms
step 998 time: 1324.01ms
step 999 time: 1422.08ms
