Defaulting to user installation because normal site-packages is not writeable
Requirement already satisfied: numpy in /orcd/software/core/001/pkg/miniforge/24.3.0-0/lib/python3.10/site-packages (from -r /home/willzhao/diffusion/requirements.txt (line 1)) (1.26.4)
Requirement already satisfied: idx2numpy in /orcd/home/002/willzhao/.local/lib/python3.10/site-packages (from -r /home/willzhao/diffusion/requirements.txt (line 2)) (1.2.3)
Requirement already satisfied: torch in /orcd/software/core/001/pkg/miniforge/24.3.0-0/lib/python3.10/site-packages (from -r /home/willzhao/diffusion/requirements.txt (line 3)) (2.5.1)
Requirement already satisfied: torchvision in /orcd/software/core/001/pkg/miniforge/24.3.0-0/lib/python3.10/site-packages (from -r /home/willzhao/diffusion/requirements.txt (line 4)) (0.20.1)
Requirement already satisfied: pyyaml in /orcd/software/core/001/pkg/miniforge/24.3.0-0/lib/python3.10/site-packages (from -r /home/willzhao/diffusion/requirements.txt (line 5)) (6.0.2)
Requirement already satisfied: matplotlib in /orcd/software/core/001/pkg/miniforge/24.3.0-0/lib/python3.10/site-packages (from -r /home/willzhao/diffusion/requirements.txt (line 6)) (3.9.3)
Requirement already satisfied: pillow in /orcd/software/core/001/pkg/miniforge/24.3.0-0/lib/python3.10/site-packages (from -r /home/willzhao/diffusion/requirements.txt (line 7)) (11.0.0)
Requirement already satisfied: diffusers in /orcd/home/002/willzhao/.local/lib/python3.10/site-packages (from -r /home/willzhao/diffusion/requirements.txt (line 8)) (0.36.0)
Requirement already satisfied: huggingface-hub<1.0,>=0.24.0 in /orcd/home/002/willzhao/.local/lib/python3.10/site-packages (from -r /home/willzhao/diffusion/requirements.txt (line 9)) (0.36.0)
Requirement already satisfied: safetensors in /orcd/software/core/001/pkg/miniforge/24.3.0-0/lib/python3.10/site-packages (from -r /home/willzhao/diffusion/requirements.txt (line 10)) (0.4.5)
Requirement already satisfied: accelerate in /orcd/home/002/willzhao/.local/lib/python3.10/site-packages (from -r /home/willzhao/diffusion/requirements.txt (line 11)) (1.12.0)
Requirement already satisfied: six in /orcd/software/core/001/pkg/miniforge/24.3.0-0/lib/python3.10/site-packages (from idx2numpy->-r /home/willzhao/diffusion/requirements.txt (line 2)) (1.17.0)
Requirement already satisfied: filelock in /orcd/software/core/001/pkg/miniforge/24.3.0-0/lib/python3.10/site-packages (from torch->-r /home/willzhao/diffusion/requirements.txt (line 3)) (3.16.1)
Requirement already satisfied: typing-extensions>=4.8.0 in /orcd/software/core/001/pkg/miniforge/24.3.0-0/lib/python3.10/site-packages (from torch->-r /home/willzhao/diffusion/requirements.txt (line 3)) (4.12.2)
Requirement already satisfied: networkx in /orcd/software/core/001/pkg/miniforge/24.3.0-0/lib/python3.10/site-packages (from torch->-r /home/willzhao/diffusion/requirements.txt (line 3)) (3.4.2)
Requirement already satisfied: jinja2 in /orcd/software/core/001/pkg/miniforge/24.3.0-0/lib/python3.10/site-packages (from torch->-r /home/willzhao/diffusion/requirements.txt (line 3)) (3.1.4)
Requirement already satisfied: fsspec in /orcd/software/core/001/pkg/miniforge/24.3.0-0/lib/python3.10/site-packages (from torch->-r /home/willzhao/diffusion/requirements.txt (line 3)) (2024.10.0)
Requirement already satisfied: sympy==1.13.1 in /orcd/software/core/001/pkg/miniforge/24.3.0-0/lib/python3.10/site-packages (from torch->-r /home/willzhao/diffusion/requirements.txt (line 3)) (1.13.1)
Requirement already satisfied: mpmath<1.4,>=1.1.0 in /orcd/software/core/001/pkg/miniforge/24.3.0-0/lib/python3.10/site-packages (from sympy==1.13.1->torch->-r /home/willzhao/diffusion/requirements.txt (line 3)) (1.3.0)
Requirement already satisfied: contourpy>=1.0.1 in /orcd/software/core/001/pkg/miniforge/24.3.0-0/lib/python3.10/site-packages (from matplotlib->-r /home/willzhao/diffusion/requirements.txt (line 6)) (1.3.1)
Requirement already satisfied: cycler>=0.10 in /orcd/software/core/001/pkg/miniforge/24.3.0-0/lib/python3.10/site-packages (from matplotlib->-r /home/willzhao/diffusion/requirements.txt (line 6)) (0.12.1)
Requirement already satisfied: fonttools>=4.22.0 in /orcd/software/core/001/pkg/miniforge/24.3.0-0/lib/python3.10/site-packages (from matplotlib->-r /home/willzhao/diffusion/requirements.txt (line 6)) (4.55.1)
Requirement already satisfied: kiwisolver>=1.3.1 in /orcd/software/core/001/pkg/miniforge/24.3.0-0/lib/python3.10/site-packages (from matplotlib->-r /home/willzhao/diffusion/requirements.txt (line 6)) (1.4.7)
Requirement already satisfied: packaging>=20.0 in /orcd/software/core/001/pkg/miniforge/24.3.0-0/lib/python3.10/site-packages (from matplotlib->-r /home/willzhao/diffusion/requirements.txt (line 6)) (24.0)
Requirement already satisfied: pyparsing>=2.3.1 in /orcd/software/core/001/pkg/miniforge/24.3.0-0/lib/python3.10/site-packages (from matplotlib->-r /home/willzhao/diffusion/requirements.txt (line 6)) (3.2.0)
Requirement already satisfied: python-dateutil>=2.7 in /orcd/software/core/001/pkg/miniforge/24.3.0-0/lib/python3.10/site-packages (from matplotlib->-r /home/willzhao/diffusion/requirements.txt (line 6)) (2.9.0.post0)
Requirement already satisfied: importlib_metadata in /orcd/software/core/001/pkg/miniforge/24.3.0-0/lib/python3.10/site-packages (from diffusers->-r /home/willzhao/diffusion/requirements.txt (line 8)) (8.5.0)
Requirement already satisfied: httpx<1.0.0 in /orcd/software/core/001/pkg/miniforge/24.3.0-0/lib/python3.10/site-packages (from diffusers->-r /home/willzhao/diffusion/requirements.txt (line 8)) (0.28.1)
Requirement already satisfied: regex!=2019.12.17 in /orcd/software/core/001/pkg/miniforge/24.3.0-0/lib/python3.10/site-packages (from diffusers->-r /home/willzhao/diffusion/requirements.txt (line 8)) (2024.11.6)
Requirement already satisfied: requests in /orcd/software/core/001/pkg/miniforge/24.3.0-0/lib/python3.10/site-packages (from diffusers->-r /home/willzhao/diffusion/requirements.txt (line 8)) (2.31.0)
Requirement already satisfied: tqdm>=4.42.1 in /orcd/software/core/001/pkg/miniforge/24.3.0-0/lib/python3.10/site-packages (from huggingface-hub<1.0,>=0.24.0->-r /home/willzhao/diffusion/requirements.txt (line 9)) (4.66.2)
Requirement already satisfied: hf-xet<2.0.0,>=1.1.3 in /orcd/home/002/willzhao/.local/lib/python3.10/site-packages (from huggingface-hub<1.0,>=0.24.0->-r /home/willzhao/diffusion/requirements.txt (line 9)) (1.2.0)
Requirement already satisfied: psutil in /orcd/software/core/001/pkg/miniforge/24.3.0-0/lib/python3.10/site-packages (from accelerate->-r /home/willzhao/diffusion/requirements.txt (line 11)) (7.0.0)
Requirement already satisfied: anyio in /orcd/software/core/001/pkg/miniforge/24.3.0-0/lib/python3.10/site-packages (from httpx<1.0.0->diffusers->-r /home/willzhao/diffusion/requirements.txt (line 8)) (4.7.0)
Requirement already satisfied: certifi in /orcd/software/core/001/pkg/miniforge/24.3.0-0/lib/python3.10/site-packages (from httpx<1.0.0->diffusers->-r /home/willzhao/diffusion/requirements.txt (line 8)) (2024.8.30)
Requirement already satisfied: httpcore==1.* in /orcd/software/core/001/pkg/miniforge/24.3.0-0/lib/python3.10/site-packages (from httpx<1.0.0->diffusers->-r /home/willzhao/diffusion/requirements.txt (line 8)) (1.0.7)
Requirement already satisfied: idna in /orcd/software/core/001/pkg/miniforge/24.3.0-0/lib/python3.10/site-packages (from httpx<1.0.0->diffusers->-r /home/willzhao/diffusion/requirements.txt (line 8)) (3.6)
Requirement already satisfied: h11<0.15,>=0.13 in /orcd/software/core/001/pkg/miniforge/24.3.0-0/lib/python3.10/site-packages (from httpcore==1.*->httpx<1.0.0->diffusers->-r /home/willzhao/diffusion/requirements.txt (line 8)) (0.14.0)
Requirement already satisfied: zipp>=3.20 in /orcd/software/core/001/pkg/miniforge/24.3.0-0/lib/python3.10/site-packages (from importlib_metadata->diffusers->-r /home/willzhao/diffusion/requirements.txt (line 8)) (3.21.0)
Requirement already satisfied: MarkupSafe>=2.0 in /orcd/software/core/001/pkg/miniforge/24.3.0-0/lib/python3.10/site-packages (from jinja2->torch->-r /home/willzhao/diffusion/requirements.txt (line 3)) (3.0.2)
Requirement already satisfied: charset-normalizer<4,>=2 in /orcd/software/core/001/pkg/miniforge/24.3.0-0/lib/python3.10/site-packages (from requests->diffusers->-r /home/willzhao/diffusion/requirements.txt (line 8)) (3.3.2)
Requirement already satisfied: urllib3<3,>=1.21.1 in /orcd/software/core/001/pkg/miniforge/24.3.0-0/lib/python3.10/site-packages (from requests->diffusers->-r /home/willzhao/diffusion/requirements.txt (line 8)) (2.2.1)
Requirement already satisfied: exceptiongroup>=1.0.2 in /orcd/software/core/001/pkg/miniforge/24.3.0-0/lib/python3.10/site-packages (from anyio->httpx<1.0.0->diffusers->-r /home/willzhao/diffusion/requirements.txt (line 8)) (1.2.2)
Requirement already satisfied: sniffio>=1.1 in /orcd/software/core/001/pkg/miniforge/24.3.0-0/lib/python3.10/site-packages (from anyio->httpx<1.0.0->diffusers->-r /home/willzhao/diffusion/requirements.txt (line 8)) (1.3.1)
