Traceback (most recent call last):
  File "/home/willzhao/diffusion/src/main.py", line 152, in <module>
    trained_model = train_fm(model, dataloader, fm_config, train_config, device, image_shape, images_mean, images_std, vae)
  File "/orcd/home/002/willzhao/diffusion/src/training/train_fm.py", line 61, in train_fm
    posterior = vae.encode(images).latent_dist
  File "/home/willzhao/.local/lib/python3.10/site-packages/diffusers/utils/accelerate_utils.py", line 46, in wrapper
    return method(self, *args, **kwargs)
  File "/home/willzhao/.local/lib/python3.10/site-packages/diffusers/models/autoencoders/autoencoder_kl.py", line 192, in encode
    h = self._encode(x)
  File "/home/willzhao/.local/lib/python3.10/site-packages/diffusers/models/autoencoders/autoencoder_kl.py", line 166, in _encode
    enc = self.encoder(x)
  File "/orcd/software/core/001/pkg/miniforge/24.3.0-0/lib/python3.10/site-packages/torch/nn/modules/module.py", line 1736, in _wrapped_call_impl
    return self._call_impl(*args, **kwargs)
  File "/orcd/software/core/001/pkg/miniforge/24.3.0-0/lib/python3.10/site-packages/torch/nn/modules/module.py", line 1747, in _call_impl
    return forward_call(*args, **kwargs)
  File "/home/willzhao/.local/lib/python3.10/site-packages/diffusers/models/autoencoders/vae.py", line 156, in forward
    sample = self.conv_in(sample)
  File "/orcd/software/core/001/pkg/miniforge/24.3.0-0/lib/python3.10/site-packages/torch/nn/modules/module.py", line 1736, in _wrapped_call_impl
    return self._call_impl(*args, **kwargs)
  File "/orcd/software/core/001/pkg/miniforge/24.3.0-0/lib/python3.10/site-packages/torch/nn/modules/module.py", line 1747, in _call_impl
    return forward_call(*args, **kwargs)
  File "/orcd/software/core/001/pkg/miniforge/24.3.0-0/lib/python3.10/site-packages/torch/nn/modules/conv.py", line 554, in forward
    return self._conv_forward(input, self.weight, self.bias)
  File "/orcd/software/core/001/pkg/miniforge/24.3.0-0/lib/python3.10/site-packages/torch/nn/modules/conv.py", line 549, in _conv_forward
    return F.conv2d(
RuntimeError: Given groups=1, weight of size [128, 3, 3, 3], expected input[6144, 4, 64, 64] to have 3 channels, but got 4 channels instead
