Traceback (most recent call last):
  File "/home/willzhao/diffusion/src/main.py", line 101, in <module>
    trained_model = train_ddpm(model, dataloader, scheduler, train_config, device)
  File "/orcd/home/002/willzhao/diffusion/src/training/train_ddpm.py", line 30, in train_ddpm
    loss_val = loss(model, images, scheduler)
  File "/orcd/home/002/willzhao/diffusion/src/methods/ddpm/loss.py", line 12, in loss
    pred_eps = model(xt, std_t)
  File "/orcd/software/core/001/pkg/miniforge/24.3.0-0/lib/python3.10/site-packages/torch/nn/modules/module.py", line 1736, in _wrapped_call_impl
    return self._call_impl(*args, **kwargs)
  File "/orcd/software/core/001/pkg/miniforge/24.3.0-0/lib/python3.10/site-packages/torch/nn/modules/module.py", line 1747, in _call_impl
    return forward_call(*args, **kwargs)
  File "/orcd/home/002/willzhao/diffusion/src/nn/resunet.py", line 41, in forward
    t_emb = self.time_embedding(t)
  File "/orcd/software/core/001/pkg/miniforge/24.3.0-0/lib/python3.10/site-packages/torch/nn/modules/module.py", line 1736, in _wrapped_call_impl
    return self._call_impl(*args, **kwargs)
  File "/orcd/software/core/001/pkg/miniforge/24.3.0-0/lib/python3.10/site-packages/torch/nn/modules/module.py", line 1747, in _call_impl
    return forward_call(*args, **kwargs)
  File "/orcd/home/002/willzhao/diffusion/src/embedding.py", line 17, in forward
    powers_base_cast = self.powers_base * t
RuntimeError: The size of tensor a (32) must match the size of tensor b (64) at non-singleton dimension 1
