Defaulting to user installation because normal site-packages is not writeable
Requirement already satisfied: numpy in /orcd/software/core/001/pkg/miniforge/24.3.0-0/lib/python3.10/site-packages (from -r /home/willzhao/diffusion/requirements.txt (line 1)) (1.26.4)
Requirement already satisfied: idx2numpy in /orcd/home/002/willzhao/.local/lib/python3.10/site-packages (from -r /home/willzhao/diffusion/requirements.txt (line 2)) (1.2.3)
Requirement already satisfied: torch in /orcd/software/core/001/pkg/miniforge/24.3.0-0/lib/python3.10/site-packages (from -r /home/willzhao/diffusion/requirements.txt (line 3)) (2.5.1)
Requirement already satisfied: torchvision in /orcd/software/core/001/pkg/miniforge/24.3.0-0/lib/python3.10/site-packages (from -r /home/willzhao/diffusion/requirements.txt (line 4)) (0.20.1)
Requirement already satisfied: pyyaml in /orcd/software/core/001/pkg/miniforge/24.3.0-0/lib/python3.10/site-packages (from -r /home/willzhao/diffusion/requirements.txt (line 5)) (6.0.2)
Requirement already satisfied: matplotlib in /orcd/software/core/001/pkg/miniforge/24.3.0-0/lib/python3.10/site-packages (from -r /home/willzhao/diffusion/requirements.txt (line 6)) (3.9.3)
Requirement already satisfied: pillow in /orcd/software/core/001/pkg/miniforge/24.3.0-0/lib/python3.10/site-packages (from -r /home/willzhao/diffusion/requirements.txt (line 7)) (11.0.0)
Requirement already satisfied: diffusers in /orcd/home/002/willzhao/.local/lib/python3.10/site-packages (from -r /home/willzhao/diffusion/requirements.txt (line 8)) (0.36.0)
Requirement already satisfied: huggingface-hub<1.0,>=0.24.0 in /orcd/home/002/willzhao/.local/lib/python3.10/site-packages (from -r /home/willzhao/diffusion/requirements.txt (line 9)) (0.36.0)
Requirement already satisfied: safetensors in /orcd/software/core/001/pkg/miniforge/24.3.0-0/lib/python3.10/site-packages (from -r /home/willzhao/diffusion/requirements.txt (line 10)) (0.4.5)
Requirement already satisfied: accelerate in /orcd/home/002/willzhao/.local/lib/python3.10/site-packages (from -r /home/willzhao/diffusion/requirements.txt (line 11)) (1.12.0)
Requirement already satisfied: six in /orcd/software/core/001/pkg/miniforge/24.3.0-0/lib/python3.10/site-packages (from idx2numpy->-r /home/willzhao/diffusion/requirements.txt (line 2)) (1.17.0)
Requirement already satisfied: filelock in /orcd/software/core/001/pkg/miniforge/24.3.0-0/lib/python3.10/site-packages (from torch->-r /home/willzhao/diffusion/requirements.txt (line 3)) (3.16.1)
Requirement already satisfied: typing-extensions>=4.8.0 in /orcd/software/core/001/pkg/miniforge/24.3.0-0/lib/python3.10/site-packages (from torch->-r /home/willzhao/diffusion/requirements.txt (line 3)) (4.12.2)
Requirement already satisfied: networkx in /orcd/software/core/001/pkg/miniforge/24.3.0-0/lib/python3.10/site-packages (from torch->-r /home/willzhao/diffusion/requirements.txt (line 3)) (3.4.2)
Requirement already satisfied: jinja2 in /orcd/software/core/001/pkg/miniforge/24.3.0-0/lib/python3.10/site-packages (from torch->-r /home/willzhao/diffusion/requirements.txt (line 3)) (3.1.4)
Requirement already satisfied: fsspec in /orcd/software/core/001/pkg/miniforge/24.3.0-0/lib/python3.10/site-packages (from torch->-r /home/willzhao/diffusion/requirements.txt (line 3)) (2024.10.0)
Requirement already satisfied: sympy==1.13.1 in /orcd/software/core/001/pkg/miniforge/24.3.0-0/lib/python3.10/site-packages (from torch->-r /home/willzhao/diffusion/requirements.txt (line 3)) (1.13.1)
Requirement already satisfied: mpmath<1.4,>=1.1.0 in /orcd/software/core/001/pkg/miniforge/24.3.0-0/lib/python3.10/site-packages (from sympy==1.13.1->torch->-r /home/willzhao/diffusion/requirements.txt (line 3)) (1.3.0)
Requirement already satisfied: contourpy>=1.0.1 in /orcd/software/core/001/pkg/miniforge/24.3.0-0/lib/python3.10/site-packages (from matplotlib->-r /home/willzhao/diffusion/requirements.txt (line 6)) (1.3.1)
Requirement already satisfied: cycler>=0.10 in /orcd/software/core/001/pkg/miniforge/24.3.0-0/lib/python3.10/site-packages (from matplotlib->-r /home/willzhao/diffusion/requirements.txt (line 6)) (0.12.1)
Requirement already satisfied: fonttools>=4.22.0 in /orcd/software/core/001/pkg/miniforge/24.3.0-0/lib/python3.10/site-packages (from matplotlib->-r /home/willzhao/diffusion/requirements.txt (line 6)) (4.55.1)
Requirement already satisfied: kiwisolver>=1.3.1 in /orcd/software/core/001/pkg/miniforge/24.3.0-0/lib/python3.10/site-packages (from matplotlib->-r /home/willzhao/diffusion/requirements.txt (line 6)) (1.4.7)
Requirement already satisfied: packaging>=20.0 in /orcd/software/core/001/pkg/miniforge/24.3.0-0/lib/python3.10/site-packages (from matplotlib->-r /home/willzhao/diffusion/requirements.txt (line 6)) (24.0)
Requirement already satisfied: pyparsing>=2.3.1 in /orcd/software/core/001/pkg/miniforge/24.3.0-0/lib/python3.10/site-packages (from matplotlib->-r /home/willzhao/diffusion/requirements.txt (line 6)) (3.2.0)
Requirement already satisfied: python-dateutil>=2.7 in /orcd/software/core/001/pkg/miniforge/24.3.0-0/lib/python3.10/site-packages (from matplotlib->-r /home/willzhao/diffusion/requirements.txt (line 6)) (2.9.0.post0)
Requirement already satisfied: importlib_metadata in /orcd/software/core/001/pkg/miniforge/24.3.0-0/lib/python3.10/site-packages (from diffusers->-r /home/willzhao/diffusion/requirements.txt (line 8)) (8.5.0)
Requirement already satisfied: httpx<1.0.0 in /orcd/software/core/001/pkg/miniforge/24.3.0-0/lib/python3.10/site-packages (from diffusers->-r /home/willzhao/diffusion/requirements.txt (line 8)) (0.28.1)
Requirement already satisfied: regex!=2019.12.17 in /orcd/software/core/001/pkg/miniforge/24.3.0-0/lib/python3.10/site-packages (from diffusers->-r /home/willzhao/diffusion/requirements.txt (line 8)) (2024.11.6)
Requirement already satisfied: requests in /orcd/software/core/001/pkg/miniforge/24.3.0-0/lib/python3.10/site-packages (from diffusers->-r /home/willzhao/diffusion/requirements.txt (line 8)) (2.31.0)
Requirement already satisfied: tqdm>=4.42.1 in /orcd/software/core/001/pkg/miniforge/24.3.0-0/lib/python3.10/site-packages (from huggingface-hub<1.0,>=0.24.0->-r /home/willzhao/diffusion/requirements.txt (line 9)) (4.66.2)
Requirement already satisfied: hf-xet<2.0.0,>=1.1.3 in /orcd/home/002/willzhao/.local/lib/python3.10/site-packages (from huggingface-hub<1.0,>=0.24.0->-r /home/willzhao/diffusion/requirements.txt (line 9)) (1.2.0)
Requirement already satisfied: psutil in /orcd/software/core/001/pkg/miniforge/24.3.0-0/lib/python3.10/site-packages (from accelerate->-r /home/willzhao/diffusion/requirements.txt (line 11)) (7.0.0)
Requirement already satisfied: anyio in /orcd/software/core/001/pkg/miniforge/24.3.0-0/lib/python3.10/site-packages (from httpx<1.0.0->diffusers->-r /home/willzhao/diffusion/requirements.txt (line 8)) (4.7.0)
Requirement already satisfied: certifi in /orcd/software/core/001/pkg/miniforge/24.3.0-0/lib/python3.10/site-packages (from httpx<1.0.0->diffusers->-r /home/willzhao/diffusion/requirements.txt (line 8)) (2024.8.30)
Requirement already satisfied: httpcore==1.* in /orcd/software/core/001/pkg/miniforge/24.3.0-0/lib/python3.10/site-packages (from httpx<1.0.0->diffusers->-r /home/willzhao/diffusion/requirements.txt (line 8)) (1.0.7)
Requirement already satisfied: idna in /orcd/software/core/001/pkg/miniforge/24.3.0-0/lib/python3.10/site-packages (from httpx<1.0.0->diffusers->-r /home/willzhao/diffusion/requirements.txt (line 8)) (3.6)
Requirement already satisfied: h11<0.15,>=0.13 in /orcd/software/core/001/pkg/miniforge/24.3.0-0/lib/python3.10/site-packages (from httpcore==1.*->httpx<1.0.0->diffusers->-r /home/willzhao/diffusion/requirements.txt (line 8)) (0.14.0)
Requirement already satisfied: zipp>=3.20 in /orcd/software/core/001/pkg/miniforge/24.3.0-0/lib/python3.10/site-packages (from importlib_metadata->diffusers->-r /home/willzhao/diffusion/requirements.txt (line 8)) (3.21.0)
Requirement already satisfied: MarkupSafe>=2.0 in /orcd/software/core/001/pkg/miniforge/24.3.0-0/lib/python3.10/site-packages (from jinja2->torch->-r /home/willzhao/diffusion/requirements.txt (line 3)) (3.0.2)
Requirement already satisfied: charset-normalizer<4,>=2 in /orcd/software/core/001/pkg/miniforge/24.3.0-0/lib/python3.10/site-packages (from requests->diffusers->-r /home/willzhao/diffusion/requirements.txt (line 8)) (3.3.2)
Requirement already satisfied: urllib3<3,>=1.21.1 in /orcd/software/core/001/pkg/miniforge/24.3.0-0/lib/python3.10/site-packages (from requests->diffusers->-r /home/willzhao/diffusion/requirements.txt (line 8)) (2.2.1)
Requirement already satisfied: exceptiongroup>=1.0.2 in /orcd/software/core/001/pkg/miniforge/24.3.0-0/lib/python3.10/site-packages (from anyio->httpx<1.0.0->diffusers->-r /home/willzhao/diffusion/requirements.txt (line 8)) (1.2.2)
Requirement already satisfied: sniffio>=1.1 in /orcd/software/core/001/pkg/miniforge/24.3.0-0/lib/python3.10/site-packages (from anyio->httpx<1.0.0->diffusers->-r /home/willzhao/diffusion/requirements.txt (line 8)) (1.3.1)
step 0 time: 0.77ms
step 1 time: 0.28ms
step 2 time: 0.19ms
step 3 time: 0.19ms
step 4 time: 0.19ms
step 5 time: 0.18ms
step 6 time: 0.17ms
step 7 time: 0.18ms
step 8 time: 0.18ms
step 9 time: 0.17ms
step 10 time: 0.17ms
step 11 time: 0.17ms
step 12 time: 0.18ms
step 13 time: 0.18ms
step 14 time: 0.16ms
step 15 time: 0.16ms
step 16 time: 0.16ms
step 17 time: 0.17ms
step 18 time: 0.16ms
step 19 time: 0.16ms
step 20 time: 0.16ms
step 21 time: 0.17ms
step 22 time: 0.17ms
step 23 time: 0.17ms
step 24 time: 0.16ms
step 25 time: 0.16ms
step 26 time: 0.17ms
step 27 time: 0.17ms
step 28 time: 0.17ms
step 29 time: 0.17ms
step 30 time: 0.17ms
step 31 time: 0.17ms
step 32 time: 0.17ms
step 33 time: 0.17ms
step 34 time: 0.16ms
step 35 time: 0.16ms
step 36 time: 0.17ms
step 37 time: 0.17ms
step 38 time: 0.17ms
step 39 time: 0.17ms
step 40 time: 0.16ms
step 41 time: 0.18ms
step 42 time: 0.17ms
step 43 time: 0.17ms
step 44 time: 0.18ms
step 45 time: 0.18ms
step 46 time: 0.18ms
step 47 time: 0.17ms
step 48 time: 0.17ms
step 49 time: 0.17ms
step 50 time: 0.17ms
step 51 time: 0.17ms
step 52 time: 0.17ms
step 53 time: 0.17ms
step 54 time: 0.16ms
step 55 time: 0.16ms
step 56 time: 0.16ms
step 57 time: 0.16ms
step 58 time: 0.16ms
step 59 time: 0.17ms
step 60 time: 0.16ms
step 61 time: 0.16ms
step 62 time: 0.17ms
step 63 time: 0.17ms
step 64 time: 0.17ms
step 65 time: 0.17ms
step 66 time: 0.18ms
step 67 time: 0.18ms
step 68 time: 0.17ms
step 69 time: 0.17ms
step 70 time: 0.17ms
step 71 time: 0.17ms
step 72 time: 0.15ms
step 73 time: 0.13ms
step 74 time: 0.12ms
step 75 time: 0.12ms
step 76 time: 0.13ms
step 77 time: 0.12ms
step 78 time: 0.13ms
step 79 time: 0.12ms
step 80 time: 0.12ms
step 81 time: 0.12ms
step 82 time: 0.11ms
step 83 time: 0.12ms
step 84 time: 0.12ms
step 85 time: 0.11ms
step 86 time: 0.12ms
step 87 time: 0.11ms
step 88 time: 0.11ms
step 89 time: 0.12ms
step 90 time: 0.11ms
step 91 time: 0.12ms
step 92 time: 0.11ms
step 93 time: 0.12ms
step 94 time: 0.11ms
step 95 time: 0.11ms
step 96 time: 0.11ms
step 97 time: 0.12ms
step 98 time: 0.11ms
step 99 time: 0.12ms
step 100 time: 0.11ms
step 101 time: 0.12ms
step 102 time: 0.11ms
step 103 time: 0.11ms
step 104 time: 0.11ms
step 105 time: 0.11ms
step 106 time: 0.11ms
step 107 time: 0.12ms
step 108 time: 0.12ms
step 109 time: 0.11ms
step 110 time: 0.11ms
step 111 time: 0.13ms
step 112 time: 0.12ms
step 113 time: 0.12ms
step 114 time: 0.12ms
step 115 time: 0.12ms
step 116 time: 0.12ms
step 117 time: 0.12ms
step 118 time: 0.13ms
step 119 time: 0.12ms
step 120 time: 0.12ms
step 121 time: 0.12ms
step 122 time: 0.12ms
step 123 time: 0.12ms
step 124 time: 0.12ms
step 125 time: 0.12ms
step 126 time: 0.12ms
step 127 time: 0.11ms
step 128 time: 0.12ms
step 129 time: 0.12ms
step 130 time: 0.12ms
step 131 time: 0.12ms
step 132 time: 0.12ms
step 133 time: 0.13ms
step 134 time: 0.12ms
step 135 time: 0.12ms
step 136 time: 0.12ms
step 137 time: 0.11ms
step 138 time: 0.11ms
step 139 time: 0.11ms
step 140 time: 0.11ms
step 141 time: 0.11ms
step 142 time: 0.11ms
step 143 time: 0.11ms
step 144 time: 0.11ms
step 145 time: 0.12ms
step 146 time: 0.11ms
step 147 time: 0.11ms
step 148 time: 0.11ms
step 149 time: 0.12ms
step 150 time: 0.12ms
step 151 time: 0.12ms
step 152 time: 0.12ms
step 153 time: 0.12ms
step 154 time: 0.12ms
step 155 time: 0.12ms
step 156 time: 0.11ms
step 157 time: 0.12ms
step 158 time: 0.12ms
step 159 time: 0.12ms
step 160 time: 0.12ms
step 161 time: 0.12ms
step 162 time: 0.12ms
step 163 time: 0.11ms
step 164 time: 0.12ms
step 165 time: 0.12ms
step 166 time: 0.12ms
step 167 time: 0.12ms
step 168 time: 0.12ms
step 169 time: 0.12ms
step 170 time: 0.12ms
step 171 time: 0.12ms
step 172 time: 0.12ms
step 173 time: 0.12ms
step 174 time: 0.11ms
step 175 time: 0.12ms
step 176 time: 0.12ms
step 177 time: 0.12ms
step 178 time: 0.12ms
step 179 time: 0.12ms
step 180 time: 0.12ms
step 181 time: 0.12ms
step 182 time: 0.12ms
step 183 time: 0.12ms
step 184 time: 0.11ms
step 185 time: 0.11ms
step 186 time: 0.11ms
step 187 time: 0.12ms
step 188 time: 0.11ms
step 189 time: 0.12ms
step 190 time: 0.12ms
step 191 time: 0.13ms
step 192 time: 0.13ms
step 193 time: 0.13ms
step 194 time: 0.13ms
step 195 time: 0.12ms
step 196 time: 0.12ms
step 197 time: 0.13ms
step 198 time: 0.12ms
step 199 time: 0.12ms
step 200 time: 0.13ms
step 201 time: 0.13ms
step 202 time: 0.13ms
step 203 time: 0.11ms
step 204 time: 0.11ms
step 205 time: 0.11ms
step 206 time: 0.11ms
step 207 time: 0.12ms
step 208 time: 0.12ms
step 209 time: 0.12ms
step 210 time: 0.12ms
step 211 time: 0.12ms
step 212 time: 0.11ms
step 213 time: 0.11ms
step 214 time: 0.12ms
step 215 time: 0.12ms
step 216 time: 0.12ms
step 217 time: 0.11ms
step 218 time: 0.12ms
step 219 time: 0.12ms
step 220 time: 0.11ms
step 221 time: 0.11ms
step 222 time: 0.12ms
step 223 time: 0.12ms
step 224 time: 0.11ms
step 225 time: 0.11ms
step 226 time: 0.11ms
step 227 time: 0.12ms
step 228 time: 0.12ms
step 229 time: 0.12ms
step 230 time: 0.11ms
step 231 time: 0.12ms
step 232 time: 0.12ms
step 233 time: 0.12ms
step 234 time: 0.11ms
step 235 time: 0.12ms
step 236 time: 0.12ms
step 237 time: 0.12ms
step 238 time: 0.13ms
step 239 time: 0.13ms
step 240 time: 0.13ms
step 241 time: 0.12ms
step 242 time: 0.12ms
step 243 time: 0.12ms
step 244 time: 0.12ms
step 245 time: 0.12ms
step 246 time: 0.12ms
step 247 time: 0.12ms
step 248 time: 0.12ms
step 249 time: 0.12ms
step 250 time: 0.12ms
step 251 time: 0.13ms
step 252 time: 0.12ms
step 253 time: 0.12ms
step 254 time: 0.11ms
step 255 time: 0.12ms
step 256 time: 0.12ms
step 257 time: 0.12ms
step 258 time: 0.12ms
step 259 time: 0.12ms
step 260 time: 0.12ms
step 261 time: 0.12ms
step 262 time: 0.11ms
step 263 time: 0.11ms
step 264 time: 0.11ms
step 265 time: 0.11ms
step 266 time: 0.11ms
step 267 time: 0.11ms
step 268 time: 0.11ms
step 269 time: 0.11ms
step 270 time: 0.11ms
step 271 time: 0.11ms
step 272 time: 0.11ms
step 273 time: 0.11ms
step 274 time: 0.12ms
step 275 time: 0.11ms
step 276 time: 0.12ms
step 277 time: 0.11ms
step 278 time: 0.11ms
step 279 time: 0.12ms
step 280 time: 0.12ms
step 281 time: 0.12ms
step 282 time: 0.12ms
step 283 time: 0.12ms
step 284 time: 0.13ms
step 285 time: 0.12ms
step 286 time: 0.11ms
step 287 time: 0.11ms
step 288 time: 0.12ms
step 289 time: 0.12ms
step 290 time: 0.12ms
step 291 time: 0.13ms
step 292 time: 0.12ms
step 293 time: 0.12ms
step 294 time: 0.13ms
step 295 time: 0.12ms
step 296 time: 0.12ms
step 297 time: 0.13ms
step 298 time: 0.12ms
step 299 time: 0.12ms
step 300 time: 0.12ms
step 301 time: 0.12ms
step 302 time: 0.12ms
step 303 time: 0.12ms
step 304 time: 0.12ms
step 305 time: 0.11ms
step 306 time: 0.12ms
step 307 time: 0.12ms
step 308 time: 0.11ms
step 309 time: 0.11ms
step 310 time: 0.12ms
step 311 time: 0.11ms
step 312 time: 0.11ms
step 313 time: 0.11ms
step 314 time: 0.12ms
step 315 time: 0.11ms
step 316 time: 0.11ms
step 317 time: 0.11ms
step 318 time: 0.12ms
step 319 time: 0.11ms
step 320 time: 0.11ms
step 321 time: 0.11ms
step 322 time: 0.11ms
step 323 time: 0.11ms
step 324 time: 0.12ms
step 325 time: 0.11ms
step 326 time: 0.12ms
step 327 time: 0.11ms
step 328 time: 0.11ms
step 329 time: 0.11ms
step 330 time: 0.11ms
step 331 time: 0.11ms
step 332 time: 0.12ms
step 333 time: 0.11ms
step 334 time: 0.11ms
step 335 time: 0.11ms
step 336 time: 0.11ms
step 337 time: 0.11ms
step 338 time: 0.11ms
step 339 time: 0.11ms
step 340 time: 0.11ms
step 341 time: 0.11ms
step 342 time: 0.11ms
step 343 time: 0.11ms
step 344 time: 0.11ms
step 345 time: 0.12ms
step 346 time: 0.11ms
step 347 time: 0.12ms
step 348 time: 0.11ms
step 349 time: 0.11ms
step 350 time: 0.11ms
step 351 time: 0.11ms
step 352 time: 0.11ms
step 353 time: 0.11ms
step 354 time: 0.11ms
step 355 time: 0.11ms
step 356 time: 0.13ms
step 357 time: 0.11ms
step 358 time: 0.11ms
step 359 time: 0.12ms
step 360 time: 0.11ms
step 361 time: 0.12ms
step 362 time: 0.12ms
step 363 time: 0.12ms
step 364 time: 0.12ms
step 365 time: 0.12ms
step 366 time: 0.12ms
step 367 time: 0.12ms
step 368 time: 0.13ms
step 369 time: 0.12ms
step 370 time: 0.12ms
step 371 time: 0.12ms
step 372 time: 0.12ms
step 373 time: 0.12ms
step 374 time: 0.12ms
step 375 time: 0.13ms
step 376 time: 0.12ms
step 377 time: 0.12ms
step 378 time: 0.12ms
step 379 time: 0.12ms
step 380 time: 0.11ms
step 381 time: 0.11ms
step 382 time: 0.11ms
step 383 time: 0.12ms
step 384 time: 0.11ms
step 385 time: 0.11ms
step 386 time: 0.11ms
step 387 time: 0.12ms
step 388 time: 0.11ms
step 389 time: 0.11ms
step 390 time: 0.11ms
step 391 time: 0.11ms
step 392 time: 0.11ms
step 393 time: 0.11ms
step 394 time: 0.11ms
step 395 time: 0.11ms
step 396 time: 0.11ms
step 397 time: 0.13ms
step 398 time: 0.11ms
step 399 time: 0.11ms
step 400 time: 0.12ms
step 401 time: 0.12ms
step 402 time: 0.12ms
step 403 time: 0.12ms
step 404 time: 0.12ms
step 405 time: 0.12ms
step 406 time: 0.12ms
step 407 time: 0.12ms
step 408 time: 0.12ms
step 409 time: 0.12ms
step 410 time: 0.12ms
step 411 time: 0.12ms
step 412 time: 0.12ms
step 413 time: 0.12ms
step 414 time: 0.13ms
step 415 time: 0.12ms
step 416 time: 0.12ms
step 417 time: 0.12ms
step 418 time: 0.11ms
step 419 time: 0.12ms
step 420 time: 0.12ms
step 421 time: 0.12ms
step 422 time: 0.11ms
step 423 time: 0.11ms
step 424 time: 0.12ms
step 425 time: 0.12ms
step 426 time: 0.12ms
step 427 time: 0.12ms
step 428 time: 0.12ms
step 429 time: 0.11ms
step 430 time: 0.12ms
step 431 time: 0.12ms
step 432 time: 0.12ms
step 433 time: 0.12ms
step 434 time: 0.12ms
step 435 time: 0.12ms
step 436 time: 0.11ms
step 437 time: 0.12ms
step 438 time: 0.12ms
step 439 time: 0.12ms
step 440 time: 0.12ms
step 441 time: 0.12ms
step 442 time: 0.12ms
step 443 time: 0.12ms
step 444 time: 0.12ms
step 445 time: 0.12ms
step 446 time: 0.12ms
step 447 time: 0.12ms
step 448 time: 0.12ms
step 449 time: 0.13ms
step 450 time: 0.12ms
step 451 time: 0.12ms
step 452 time: 0.13ms
step 453 time: 0.11ms
step 454 time: 0.11ms
step 455 time: 0.11ms
step 456 time: 0.11ms
step 457 time: 0.12ms
step 458 time: 0.11ms
step 459 time: 0.12ms
step 460 time: 0.12ms
step 461 time: 0.12ms
step 462 time: 0.12ms
step 463 time: 0.12ms
step 464 time: 0.12ms
step 465 time: 0.12ms
step 466 time: 0.12ms
step 467 time: 0.12ms
step 468 time: 0.12ms
step 469 time: 0.12ms
step 470 time: 0.11ms
step 471 time: 0.13ms
step 472 time: 0.12ms
step 473 time: 0.13ms
step 474 time: 0.12ms
step 475 time: 0.12ms
step 476 time: 0.11ms
step 477 time: 0.12ms
step 478 time: 0.11ms
step 479 time: 0.12ms
step 480 time: 0.12ms
step 481 time: 0.11ms
step 482 time: 0.12ms
step 483 time: 0.11ms
step 484 time: 0.11ms
step 485 time: 0.11ms
step 486 time: 0.12ms
step 487 time: 0.11ms
step 488 time: 0.11ms
step 489 time: 0.11ms
step 490 time: 0.11ms
step 491 time: 0.11ms
step 492 time: 0.11ms
step 493 time: 0.11ms
step 494 time: 0.12ms
step 495 time: 0.11ms
step 496 time: 0.11ms
step 497 time: 0.11ms
step 498 time: 0.11ms
step 499 time: 0.11ms
step 500 time: 0.12ms
step 501 time: 0.23ms
step 502 time: 0.13ms
step 503 time: 0.12ms
step 504 time: 0.12ms
step 505 time: 0.12ms
step 506 time: 0.12ms
step 507 time: 0.12ms
step 508 time: 0.12ms
step 509 time: 0.12ms
step 510 time: 0.12ms
step 511 time: 0.12ms
step 512 time: 0.12ms
step 513 time: 0.11ms
step 514 time: 0.11ms
step 515 time: 0.11ms
step 516 time: 0.12ms
step 517 time: 0.12ms
step 518 time: 0.11ms
step 519 time: 0.11ms
step 520 time: 0.11ms
step 521 time: 0.11ms
step 522 time: 0.11ms
step 523 time: 0.12ms
step 524 time: 0.11ms
step 525 time: 0.11ms
step 526 time: 0.11ms
step 527 time: 0.12ms
step 528 time: 0.12ms
step 529 time: 0.11ms
step 530 time: 0.12ms
step 531 time: 0.12ms
step 532 time: 0.12ms
step 533 time: 0.11ms
step 534 time: 0.11ms
step 535 time: 0.11ms
step 536 time: 0.12ms
step 537 time: 0.12ms
step 538 time: 0.11ms
step 539 time: 0.12ms
step 540 time: 0.12ms
step 541 time: 0.12ms
step 542 time: 0.11ms
step 543 time: 0.12ms
step 544 time: 0.11ms
step 545 time: 0.12ms
step 546 time: 0.16ms
step 547 time: 0.13ms
step 548 time: 0.13ms
step 549 time: 0.13ms
step 550 time: 0.14ms
step 551 time: 0.13ms
step 552 time: 0.13ms
step 553 time: 0.13ms
step 554 time: 0.14ms
step 555 time: 0.13ms
step 556 time: 0.13ms
step 557 time: 0.13ms
step 558 time: 0.14ms
step 559 time: 0.14ms
step 560 time: 0.14ms
step 561 time: 0.13ms
step 562 time: 0.13ms
step 563 time: 0.14ms
step 564 time: 0.14ms
step 565 time: 0.12ms
step 566 time: 0.11ms
step 567 time: 0.12ms
step 568 time: 0.12ms
step 569 time: 0.11ms
step 570 time: 0.12ms
step 571 time: 0.11ms
step 572 time: 0.13ms
step 573 time: 0.12ms
step 574 time: 0.12ms
step 575 time: 0.12ms
step 576 time: 0.11ms
step 577 time: 0.11ms
step 578 time: 0.11ms
step 579 time: 0.11ms
step 580 time: 0.11ms
step 581 time: 0.11ms
step 582 time: 0.11ms
step 583 time: 0.11ms
step 584 time: 0.12ms
step 585 time: 0.11ms
step 586 time: 0.11ms
step 587 time: 0.11ms
step 588 time: 0.11ms
step 589 time: 0.11ms
step 590 time: 0.11ms
step 591 time: 0.11ms
step 592 time: 0.11ms
step 593 time: 0.11ms
step 594 time: 0.11ms
step 595 time: 0.11ms
step 596 time: 0.11ms
step 597 time: 0.12ms
step 598 time: 0.11ms
step 599 time: 0.11ms
step 600 time: 0.12ms
step 601 time: 0.12ms
step 602 time: 0.12ms
step 603 time: 0.12ms
step 604 time: 0.12ms
step 605 time: 0.12ms
step 606 time: 0.13ms
step 607 time: 0.12ms
step 608 time: 0.12ms
step 609 time: 0.12ms
step 610 time: 0.12ms
step 611 time: 0.12ms
step 612 time: 0.12ms
step 613 time: 0.12ms
step 614 time: 0.12ms
step 615 time: 0.12ms
step 616 time: 0.12ms
step 617 time: 0.12ms
step 618 time: 0.12ms
step 619 time: 0.11ms
step 620 time: 0.11ms
step 621 time: 0.11ms
step 622 time: 0.11ms
step 623 time: 0.12ms
step 624 time: 0.12ms
step 625 time: 0.11ms
step 626 time: 0.11ms
step 627 time: 0.12ms
step 628 time: 0.11ms
step 629 time: 0.11ms
step 630 time: 0.11ms
step 631 time: 0.11ms
step 632 time: 0.11ms
step 633 time: 0.12ms
step 634 time: 0.11ms
step 635 time: 0.11ms
step 636 time: 0.11ms
step 637 time: 0.11ms
step 638 time: 0.11ms
step 639 time: 0.11ms
step 640 time: 0.11ms
step 641 time: 0.11ms
step 642 time: 0.11ms
step 643 time: 0.12ms
step 644 time: 0.13ms
step 645 time: 0.11ms
step 646 time: 0.11ms
step 647 time: 0.12ms
step 648 time: 0.12ms
step 649 time: 0.12ms
step 650 time: 0.12ms
step 651 time: 0.12ms
step 652 time: 0.12ms
step 653 time: 0.12ms
step 654 time: 0.13ms
step 655 time: 0.12ms
step 656 time: 0.12ms
step 657 time: 0.12ms
step 658 time: 0.12ms
step 659 time: 0.11ms
step 660 time: 0.11ms
step 661 time: 0.12ms
step 662 time: 0.12ms
step 663 time: 0.12ms
step 664 time: 0.12ms
step 665 time: 0.12ms
step 666 time: 0.12ms
step 667 time: 0.11ms
step 668 time: 0.12ms
step 669 time: 0.12ms
step 670 time: 0.11ms
step 671 time: 0.11ms
step 672 time: 0.11ms
step 673 time: 0.13ms
step 674 time: 0.11ms
step 675 time: 0.11ms
step 676 time: 0.11ms
step 677 time: 0.11ms
step 678 time: 0.12ms
step 679 time: 0.11ms
step 680 time: 0.11ms
step 681 time: 0.11ms
step 682 time: 0.11ms
step 683 time: 0.11ms
step 684 time: 0.12ms
step 685 time: 0.11ms
step 686 time: 0.12ms
step 687 time: 0.12ms
step 688 time: 0.13ms
step 689 time: 0.13ms
step 690 time: 0.12ms
step 691 time: 0.12ms
step 692 time: 0.12ms
step 693 time: 0.12ms
step 694 time: 0.12ms
step 695 time: 0.12ms
step 696 time: 0.12ms
step 697 time: 0.11ms
step 698 time: 0.11ms
step 699 time: 0.12ms
step 700 time: 0.12ms
step 701 time: 0.12ms
step 702 time: 0.12ms
step 703 time: 0.12ms
step 704 time: 0.12ms
step 705 time: 0.11ms
step 706 time: 0.11ms
step 707 time: 0.12ms
step 708 time: 0.12ms
step 709 time: 0.12ms
step 710 time: 0.12ms
step 711 time: 0.12ms
step 712 time: 0.11ms
step 713 time: 0.11ms
step 714 time: 0.12ms
step 715 time: 0.13ms
step 716 time: 0.12ms
step 717 time: 0.11ms
step 718 time: 0.11ms
step 719 time: 0.11ms
step 720 time: 0.11ms
step 721 time: 0.11ms
step 722 time: 0.11ms
step 723 time: 0.11ms
step 724 time: 0.12ms
step 725 time: 0.11ms
step 726 time: 0.11ms
step 727 time: 0.12ms
step 728 time: 0.12ms
step 729 time: 0.11ms
step 730 time: 0.12ms
step 731 time: 0.13ms
step 732 time: 0.12ms
step 733 time: 0.12ms
step 734 time: 0.12ms
step 735 time: 0.12ms
step 736 time: 0.12ms
step 737 time: 0.11ms
step 738 time: 0.11ms
step 739 time: 0.12ms
step 740 time: 0.12ms
step 741 time: 0.12ms
step 742 time: 0.11ms
step 743 time: 0.12ms
step 744 time: 0.11ms
step 745 time: 0.12ms
step 746 time: 0.12ms
step 747 time: 0.12ms
step 748 time: 0.12ms
step 749 time: 0.11ms
step 750 time: 0.11ms
step 751 time: 0.12ms
step 752 time: 0.12ms
step 753 time: 0.12ms
step 754 time: 0.11ms
step 755 time: 0.12ms
step 756 time: 0.12ms
step 757 time: 0.12ms
step 758 time: 0.12ms
step 759 time: 0.12ms
step 760 time: 0.11ms
step 761 time: 0.11ms
step 762 time: 0.11ms
step 763 time: 0.11ms
step 764 time: 0.11ms
step 765 time: 0.12ms
step 766 time: 0.11ms
step 767 time: 0.11ms
step 768 time: 0.11ms
step 769 time: 0.11ms
step 770 time: 0.11ms
step 771 time: 0.12ms
step 772 time: 0.12ms
step 773 time: 0.11ms
step 774 time: 0.13ms
step 775 time: 0.11ms
step 776 time: 0.12ms
step 777 time: 0.11ms
step 778 time: 0.12ms
step 779 time: 0.12ms
step 780 time: 0.11ms
step 781 time: 0.12ms
step 782 time: 0.12ms
step 783 time: 0.12ms
step 784 time: 0.11ms
step 785 time: 0.12ms
step 786 time: 0.12ms
step 787 time: 0.12ms
step 788 time: 0.12ms
step 789 time: 0.12ms
step 790 time: 0.12ms
step 791 time: 0.12ms
step 792 time: 0.12ms
step 793 time: 0.12ms
step 794 time: 0.12ms
step 795 time: 0.12ms
step 796 time: 0.12ms
step 797 time: 0.12ms
step 798 time: 0.12ms
step 799 time: 0.12ms
step 800 time: 0.12ms
step 801 time: 0.12ms
step 802 time: 0.12ms
step 803 time: 0.12ms
step 804 time: 0.12ms
step 805 time: 0.12ms
step 806 time: 0.13ms
step 807 time: 0.11ms
step 808 time: 0.12ms
step 809 time: 0.11ms
step 810 time: 0.12ms
step 811 time: 0.11ms
step 812 time: 0.11ms
step 813 time: 0.12ms
step 814 time: 0.11ms
step 815 time: 0.11ms
step 816 time: 0.11ms
step 817 time: 0.11ms
step 818 time: 0.11ms
step 819 time: 0.11ms
step 820 time: 0.11ms
step 821 time: 0.11ms
step 822 time: 0.11ms
step 823 time: 0.12ms
step 824 time: 0.12ms
step 825 time: 0.11ms
step 826 time: 0.11ms
step 827 time: 0.11ms
step 828 time: 0.12ms
step 829 time: 0.12ms
step 830 time: 0.11ms
step 831 time: 0.12ms
step 832 time: 0.12ms
step 833 time: 0.12ms
step 834 time: 0.12ms
step 835 time: 0.12ms
step 836 time: 0.12ms
step 837 time: 0.11ms
step 838 time: 0.12ms
step 839 time: 0.12ms
step 840 time: 0.11ms
step 841 time: 0.12ms
step 842 time: 0.12ms
step 843 time: 0.12ms
step 844 time: 0.12ms
step 845 time: 0.12ms
step 846 time: 0.12ms
step 847 time: 0.13ms
step 848 time: 0.12ms
step 849 time: 0.11ms
step 850 time: 0.11ms
step 851 time: 0.11ms
step 852 time: 0.11ms
step 853 time: 0.12ms
step 854 time: 0.11ms
step 855 time: 0.11ms
step 856 time: 0.12ms
step 857 time: 0.11ms
step 858 time: 0.11ms
step 859 time: 0.11ms
step 860 time: 0.12ms
step 861 time: 0.12ms
step 862 time: 0.11ms
step 863 time: 0.11ms
step 864 time: 0.11ms
step 865 time: 0.12ms
step 866 time: 0.11ms
step 867 time: 0.12ms
step 868 time: 0.12ms
step 869 time: 0.11ms
step 870 time: 0.11ms
step 871 time: 0.12ms
step 872 time: 0.11ms
step 873 time: 0.12ms
step 874 time: 0.11ms
step 875 time: 0.12ms
step 876 time: 0.12ms
step 877 time: 0.12ms
step 878 time: 0.12ms
step 879 time: 0.12ms
step 880 time: 0.12ms
step 881 time: 0.12ms
step 882 time: 0.12ms
step 883 time: 0.12ms
step 884 time: 0.12ms
step 885 time: 0.12ms
step 886 time: 0.12ms
step 887 time: 0.12ms
step 888 time: 0.12ms
step 889 time: 0.13ms
step 890 time: 0.11ms
step 891 time: 0.12ms
step 892 time: 0.12ms
step 893 time: 0.12ms
step 894 time: 0.12ms
step 895 time: 0.12ms
step 896 time: 0.12ms
step 897 time: 0.11ms
step 898 time: 0.12ms
step 899 time: 0.12ms
step 900 time: 0.12ms
step 901 time: 0.12ms
step 902 time: 0.11ms
step 903 time: 0.12ms
step 904 time: 0.11ms
step 905 time: 0.12ms
step 906 time: 0.11ms
step 907 time: 0.11ms
step 908 time: 0.11ms
step 909 time: 0.12ms
step 910 time: 0.11ms
step 911 time: 0.11ms
step 912 time: 0.11ms
step 913 time: 0.11ms
step 914 time: 0.12ms
step 915 time: 0.12ms
step 916 time: 0.11ms
step 917 time: 0.11ms
step 918 time: 0.11ms
step 919 time: 0.12ms
step 920 time: 0.12ms
step 921 time: 0.11ms
step 922 time: 0.12ms
step 923 time: 0.11ms
step 924 time: 0.12ms
step 925 time: 0.13ms
step 926 time: 0.12ms
step 927 time: 0.13ms
step 928 time: 0.12ms
step 929 time: 0.12ms
step 930 time: 0.12ms
step 931 time: 0.12ms
step 932 time: 0.12ms
step 933 time: 0.12ms
step 934 time: 0.12ms
step 935 time: 0.12ms
step 936 time: 0.12ms
step 937 time: 0.12ms
step 938 time: 0.12ms
step 939 time: 0.12ms
step 940 time: 0.12ms
step 941 time: 0.11ms
step 942 time: 0.11ms
step 943 time: 0.11ms
step 944 time: 0.11ms
step 945 time: 0.12ms
step 946 time: 0.12ms
step 947 time: 0.12ms
step 948 time: 0.11ms
step 949 time: 0.11ms
step 950 time: 0.12ms
step 951 time: 0.11ms
step 952 time: 0.11ms
step 953 time: 0.11ms
step 954 time: 0.11ms
step 955 time: 0.11ms
step 956 time: 0.12ms
step 957 time: 0.12ms
step 958 time: 0.11ms
step 959 time: 0.11ms
step 960 time: 0.11ms
step 961 time: 0.11ms
step 962 time: 0.11ms
step 963 time: 0.11ms
step 964 time: 0.11ms
step 965 time: 0.11ms
step 966 time: 0.11ms
step 967 time: 0.11ms
step 968 time: 0.11ms
step 969 time: 0.12ms
step 970 time: 0.11ms
step 971 time: 0.11ms
step 972 time: 0.11ms
step 973 time: 0.11ms
step 974 time: 0.11ms
step 975 time: 0.11ms
step 976 time: 0.11ms
step 977 time: 0.11ms
step 978 time: 0.11ms
step 979 time: 0.12ms
step 980 time: 0.11ms
step 981 time: 0.11ms
step 982 time: 0.11ms
step 983 time: 0.11ms
step 984 time: 0.12ms
step 985 time: 0.11ms
step 986 time: 0.11ms
step 987 time: 0.11ms
step 988 time: 0.11ms
step 989 time: 0.11ms
step 990 time: 0.12ms
step 991 time: 0.12ms
step 992 time: 0.12ms
step 993 time: 0.12ms
step 994 time: 0.13ms
step 995 time: 0.13ms
step 996 time: 0.13ms
step 997 time: 0.13ms
step 998 time: 0.14ms
step 999 time: 0.14ms
