E0101 00:06:13.079000 2351454 site-packages/torch/_subclasses/fake_tensor.py:2017] [0/0] failed while attempting to run meta for aten.view.default
E0101 00:06:13.079000 2351454 site-packages/torch/_subclasses/fake_tensor.py:2017] [0/0] Traceback (most recent call last):
E0101 00:06:13.079000 2351454 site-packages/torch/_subclasses/fake_tensor.py:2017] [0/0]   File "/orcd/software/core/001/pkg/miniforge/24.3.0-0/lib/python3.10/site-packages/torch/_subclasses/fake_tensor.py", line 2013, in _dispatch_impl
E0101 00:06:13.079000 2351454 site-packages/torch/_subclasses/fake_tensor.py:2017] [0/0]     r = func(*args, **kwargs)
E0101 00:06:13.079000 2351454 site-packages/torch/_subclasses/fake_tensor.py:2017] [0/0]   File "/orcd/software/core/001/pkg/miniforge/24.3.0-0/lib/python3.10/site-packages/torch/_ops.py", line 716, in __call__
E0101 00:06:13.079000 2351454 site-packages/torch/_subclasses/fake_tensor.py:2017] [0/0]     return self._op(*args, **kwargs)
E0101 00:06:13.079000 2351454 site-packages/torch/_subclasses/fake_tensor.py:2017] [0/0]   File "/orcd/software/core/001/pkg/miniforge/24.3.0-0/lib/python3.10/site-packages/torch/_refs/__init__.py", line 4591, in view
E0101 00:06:13.079000 2351454 site-packages/torch/_subclasses/fake_tensor.py:2017] [0/0]     return _reshape_view_helper(a, *shape, allow_copy=False)
E0101 00:06:13.079000 2351454 site-packages/torch/_subclasses/fake_tensor.py:2017] [0/0]   File "/orcd/software/core/001/pkg/miniforge/24.3.0-0/lib/python3.10/site-packages/torch/_refs/__init__.py", line 3659, in _reshape_view_helper
E0101 00:06:13.079000 2351454 site-packages/torch/_subclasses/fake_tensor.py:2017] [0/0]     shape = utils.infer_size(shape, a.numel())
E0101 00:06:13.079000 2351454 site-packages/torch/_subclasses/fake_tensor.py:2017] [0/0]   File "/orcd/software/core/001/pkg/miniforge/24.3.0-0/lib/python3.10/site-packages/torch/_prims_common/__init__.py", line 901, in infer_size
E0101 00:06:13.079000 2351454 site-packages/torch/_subclasses/fake_tensor.py:2017] [0/0]     torch._check(
E0101 00:06:13.079000 2351454 site-packages/torch/_subclasses/fake_tensor.py:2017] [0/0]   File "/orcd/software/core/001/pkg/miniforge/24.3.0-0/lib/python3.10/site-packages/torch/__init__.py", line 1564, in _check
E0101 00:06:13.079000 2351454 site-packages/torch/_subclasses/fake_tensor.py:2017] [0/0]     _check_with(RuntimeError, cond, message)
E0101 00:06:13.079000 2351454 site-packages/torch/_subclasses/fake_tensor.py:2017] [0/0]   File "/orcd/software/core/001/pkg/miniforge/24.3.0-0/lib/python3.10/site-packages/torch/__init__.py", line 1546, in _check_with
E0101 00:06:13.079000 2351454 site-packages/torch/_subclasses/fake_tensor.py:2017] [0/0]     raise error_type(message_evaluated)
E0101 00:06:13.079000 2351454 site-packages/torch/_subclasses/fake_tensor.py:2017] [0/0] RuntimeError: shape '[128, 1, 28, 28]' is invalid for input of size 73728
Traceback (most recent call last):
  File "/home/willzhao/diffusion/src/main.py", line 178, in <module>
    trained_model = train_fm(model, dataloader, fm_config, train_config, device, image_shape, latent_shape, images_mean, images_std, vae)
  File "/orcd/home/002/willzhao/diffusion/src/training/train_fm.py", line 69, in train_fm
    loss_val = loss(model, images, labels, train_config.cfg_proportion)
  File "/orcd/home/002/willzhao/diffusion/src/methods/fm/loss.py", line 15, in loss
    v_pred = model(xt, t.view(-1), labels)
  File "/orcd/software/core/001/pkg/miniforge/24.3.0-0/lib/python3.10/site-packages/torch/nn/modules/module.py", line 1736, in _wrapped_call_impl
    return self._call_impl(*args, **kwargs)
  File "/orcd/software/core/001/pkg/miniforge/24.3.0-0/lib/python3.10/site-packages/torch/nn/modules/module.py", line 1747, in _call_impl
    return forward_call(*args, **kwargs)
  File "/orcd/software/core/001/pkg/miniforge/24.3.0-0/lib/python3.10/site-packages/torch/_dynamo/eval_frame.py", line 465, in _fn
    return fn(*args, **kwargs)
  File "/orcd/software/core/001/pkg/miniforge/24.3.0-0/lib/python3.10/site-packages/torch/nn/modules/module.py", line 1736, in _wrapped_call_impl
    return self._call_impl(*args, **kwargs)
  File "/orcd/software/core/001/pkg/miniforge/24.3.0-0/lib/python3.10/site-packages/torch/nn/modules/module.py", line 1747, in _call_impl
    return forward_call(*args, **kwargs)
  File "/orcd/software/core/001/pkg/miniforge/24.3.0-0/lib/python3.10/site-packages/torch/_dynamo/convert_frame.py", line 1269, in __call__
    return self._torchdynamo_orig_callable(
  File "/orcd/software/core/001/pkg/miniforge/24.3.0-0/lib/python3.10/site-packages/torch/_dynamo/convert_frame.py", line 1064, in __call__
    result = self._inner_convert(
  File "/orcd/software/core/001/pkg/miniforge/24.3.0-0/lib/python3.10/site-packages/torch/_dynamo/convert_frame.py", line 526, in __call__
    return _compile(
  File "/orcd/software/core/001/pkg/miniforge/24.3.0-0/lib/python3.10/site-packages/torch/_dynamo/convert_frame.py", line 924, in _compile
    guarded_code = compile_inner(code, one_graph, hooks, transform)
  File "/orcd/software/core/001/pkg/miniforge/24.3.0-0/lib/python3.10/site-packages/torch/_dynamo/convert_frame.py", line 666, in compile_inner
    return _compile_inner(code, one_graph, hooks, transform)
  File "/orcd/software/core/001/pkg/miniforge/24.3.0-0/lib/python3.10/site-packages/torch/_utils_internal.py", line 87, in wrapper_function
    return function(*args, **kwargs)
  File "/orcd/software/core/001/pkg/miniforge/24.3.0-0/lib/python3.10/site-packages/torch/_dynamo/convert_frame.py", line 699, in _compile_inner
    out_code = transform_code_object(code, transform)
  File "/orcd/software/core/001/pkg/miniforge/24.3.0-0/lib/python3.10/site-packages/torch/_dynamo/bytecode_transformation.py", line 1322, in transform_code_object
    transformations(instructions, code_options)
  File "/orcd/software/core/001/pkg/miniforge/24.3.0-0/lib/python3.10/site-packages/torch/_dynamo/convert_frame.py", line 219, in _fn
    return fn(*args, **kwargs)
  File "/orcd/software/core/001/pkg/miniforge/24.3.0-0/lib/python3.10/site-packages/torch/_dynamo/convert_frame.py", line 634, in transform
    tracer.run()
  File "/orcd/software/core/001/pkg/miniforge/24.3.0-0/lib/python3.10/site-packages/torch/_dynamo/symbolic_convert.py", line 2796, in run
    super().run()
  File "/orcd/software/core/001/pkg/miniforge/24.3.0-0/lib/python3.10/site-packages/torch/_dynamo/symbolic_convert.py", line 983, in run
    while self.step():
  File "/orcd/software/core/001/pkg/miniforge/24.3.0-0/lib/python3.10/site-packages/torch/_dynamo/symbolic_convert.py", line 895, in step
    self.dispatch_table[inst.opcode](self, inst)
  File "/orcd/software/core/001/pkg/miniforge/24.3.0-0/lib/python3.10/site-packages/torch/_dynamo/symbolic_convert.py", line 582, in wrapper
    return inner_fn(self, inst)
  File "/orcd/software/core/001/pkg/miniforge/24.3.0-0/lib/python3.10/site-packages/torch/_dynamo/symbolic_convert.py", line 1602, in CALL_FUNCTION
    self.call_function(fn, args, {})
  File "/orcd/software/core/001/pkg/miniforge/24.3.0-0/lib/python3.10/site-packages/torch/_dynamo/symbolic_convert.py", line 830, in call_function
    self.push(fn.call_function(self, args, kwargs))  # type: ignore[arg-type]
  File "/orcd/software/core/001/pkg/miniforge/24.3.0-0/lib/python3.10/site-packages/torch/_dynamo/variables/misc.py", line 1024, in call_function
    return self.obj.call_method(tx, self.name, args, kwargs)
  File "/orcd/software/core/001/pkg/miniforge/24.3.0-0/lib/python3.10/site-packages/torch/_dynamo/variables/tensor.py", line 535, in call_method
    return wrap_fx_proxy(
  File "/orcd/software/core/001/pkg/miniforge/24.3.0-0/lib/python3.10/site-packages/torch/_dynamo/variables/builder.py", line 2037, in wrap_fx_proxy
    return wrap_fx_proxy_cls(target_cls=TensorVariable, **kwargs)
  File "/orcd/software/core/001/pkg/miniforge/24.3.0-0/lib/python3.10/site-packages/torch/_dynamo/variables/builder.py", line 2124, in wrap_fx_proxy_cls
    example_value = get_fake_value(proxy.node, tx, allow_non_graph_fake=True)
  File "/orcd/software/core/001/pkg/miniforge/24.3.0-0/lib/python3.10/site-packages/torch/_dynamo/utils.py", line 2082, in get_fake_value
    raise TorchRuntimeError(str(e)).with_traceback(e.__traceback__) from None
  File "/orcd/software/core/001/pkg/miniforge/24.3.0-0/lib/python3.10/site-packages/torch/_dynamo/utils.py", line 2017, in get_fake_value
    ret_val = wrap_fake_exception(
  File "/orcd/software/core/001/pkg/miniforge/24.3.0-0/lib/python3.10/site-packages/torch/_dynamo/utils.py", line 1574, in wrap_fake_exception
    return fn()
  File "/orcd/software/core/001/pkg/miniforge/24.3.0-0/lib/python3.10/site-packages/torch/_dynamo/utils.py", line 2018, in <lambda>
    lambda: run_node(tx.output, node, args, kwargs, nnmodule)
  File "/orcd/software/core/001/pkg/miniforge/24.3.0-0/lib/python3.10/site-packages/torch/_dynamo/utils.py", line 2150, in run_node
    raise RuntimeError(make_error_message(e)).with_traceback(
  File "/orcd/software/core/001/pkg/miniforge/24.3.0-0/lib/python3.10/site-packages/torch/_dynamo/utils.py", line 2134, in run_node
    return getattr(args[0], node.target)(*args[1:], **kwargs)
  File "/orcd/software/core/001/pkg/miniforge/24.3.0-0/lib/python3.10/site-packages/torch/utils/_stats.py", line 21, in wrapper
    return fn(*args, **kwargs)
  File "/orcd/software/core/001/pkg/miniforge/24.3.0-0/lib/python3.10/site-packages/torch/_subclasses/fake_tensor.py", line 1238, in __torch_dispatch__
    return self.dispatch(func, types, args, kwargs)
  File "/orcd/software/core/001/pkg/miniforge/24.3.0-0/lib/python3.10/site-packages/torch/_subclasses/fake_tensor.py", line 1692, in dispatch
    return self._cached_dispatch_impl(func, types, args, kwargs)
  File "/orcd/software/core/001/pkg/miniforge/24.3.0-0/lib/python3.10/site-packages/torch/_subclasses/fake_tensor.py", line 1339, in _cached_dispatch_impl
    output = self._dispatch_impl(func, types, args, kwargs)
  File "/orcd/software/core/001/pkg/miniforge/24.3.0-0/lib/python3.10/site-packages/torch/_subclasses/fake_tensor.py", line 2013, in _dispatch_impl
    r = func(*args, **kwargs)
  File "/orcd/software/core/001/pkg/miniforge/24.3.0-0/lib/python3.10/site-packages/torch/_ops.py", line 716, in __call__
    return self._op(*args, **kwargs)
  File "/orcd/software/core/001/pkg/miniforge/24.3.0-0/lib/python3.10/site-packages/torch/_refs/__init__.py", line 4591, in view
    return _reshape_view_helper(a, *shape, allow_copy=False)
  File "/orcd/software/core/001/pkg/miniforge/24.3.0-0/lib/python3.10/site-packages/torch/_refs/__init__.py", line 3659, in _reshape_view_helper
    shape = utils.infer_size(shape, a.numel())
  File "/orcd/software/core/001/pkg/miniforge/24.3.0-0/lib/python3.10/site-packages/torch/_prims_common/__init__.py", line 901, in infer_size
    torch._check(
  File "/orcd/software/core/001/pkg/miniforge/24.3.0-0/lib/python3.10/site-packages/torch/__init__.py", line 1564, in _check
    _check_with(RuntimeError, cond, message)
  File "/orcd/software/core/001/pkg/miniforge/24.3.0-0/lib/python3.10/site-packages/torch/__init__.py", line 1546, in _check_with
    raise error_type(message_evaluated)
torch._dynamo.exc.TorchRuntimeError: Failed running call_method view(*(FakeTensor(..., device='cuda:0', size=(128, 1, 3, 8, 3, 8),
           dtype=torch.bfloat16, grad_fn=<CloneBackward0>), 128, 1, 28, 28), **{}):
shape '[128, 1, 28, 28]' is invalid for input of size 73728

from user code:
   File "/orcd/home/002/willzhao/diffusion/src/nn/dit.py", line 51, in forward
    x = x.permute(0, 3, 1, 4, 2, 5).contiguous().view(B, self.in_channels, H, W)

Set TORCH_LOGS="+dynamo" and TORCHDYNAMO_VERBOSE=1 for more information


You can suppress this exception and fall back to eager by setting:
    import torch._dynamo
    torch._dynamo.config.suppress_errors = True

