E1231 23:25:08.965000 64015 site-packages/torch/_subclasses/fake_tensor.py:2017] [0/0] failed while attempting to run meta for aten.mul.Tensor
E1231 23:25:08.965000 64015 site-packages/torch/_subclasses/fake_tensor.py:2017] [0/0] Traceback (most recent call last):
E1231 23:25:08.965000 64015 site-packages/torch/_subclasses/fake_tensor.py:2017] [0/0]   File "/orcd/software/core/001/pkg/miniforge/24.3.0-0/lib/python3.10/site-packages/torch/_subclasses/fake_tensor.py", line 2013, in _dispatch_impl
E1231 23:25:08.965000 64015 site-packages/torch/_subclasses/fake_tensor.py:2017] [0/0]     r = func(*args, **kwargs)
E1231 23:25:08.965000 64015 site-packages/torch/_subclasses/fake_tensor.py:2017] [0/0]   File "/orcd/software/core/001/pkg/miniforge/24.3.0-0/lib/python3.10/site-packages/torch/_ops.py", line 716, in __call__
E1231 23:25:08.965000 64015 site-packages/torch/_subclasses/fake_tensor.py:2017] [0/0]     return self._op(*args, **kwargs)
E1231 23:25:08.965000 64015 site-packages/torch/_subclasses/fake_tensor.py:2017] [0/0]   File "/orcd/software/core/001/pkg/miniforge/24.3.0-0/lib/python3.10/site-packages/torch/_prims_common/wrappers.py", line 273, in _fn
E1231 23:25:08.965000 64015 site-packages/torch/_subclasses/fake_tensor.py:2017] [0/0]     result = fn(*args, **kwargs)
E1231 23:25:08.965000 64015 site-packages/torch/_subclasses/fake_tensor.py:2017] [0/0]   File "/orcd/software/core/001/pkg/miniforge/24.3.0-0/lib/python3.10/site-packages/torch/_prims_common/wrappers.py", line 141, in _fn
E1231 23:25:08.965000 64015 site-packages/torch/_subclasses/fake_tensor.py:2017] [0/0]     result = fn(**bound.arguments)
E1231 23:25:08.965000 64015 site-packages/torch/_subclasses/fake_tensor.py:2017] [0/0]   File "/orcd/software/core/001/pkg/miniforge/24.3.0-0/lib/python3.10/site-packages/torch/_refs/__init__.py", line 1049, in _ref
E1231 23:25:08.965000 64015 site-packages/torch/_subclasses/fake_tensor.py:2017] [0/0]     a, b = _maybe_broadcast(a, b)
E1231 23:25:08.965000 64015 site-packages/torch/_subclasses/fake_tensor.py:2017] [0/0]   File "/orcd/software/core/001/pkg/miniforge/24.3.0-0/lib/python3.10/site-packages/torch/_refs/__init__.py", line 422, in _maybe_broadcast
E1231 23:25:08.965000 64015 site-packages/torch/_subclasses/fake_tensor.py:2017] [0/0]     common_shape = _broadcast_shapes(
E1231 23:25:08.965000 64015 site-packages/torch/_subclasses/fake_tensor.py:2017] [0/0]   File "/orcd/software/core/001/pkg/miniforge/24.3.0-0/lib/python3.10/site-packages/torch/_refs/__init__.py", line 411, in _broadcast_shapes
E1231 23:25:08.965000 64015 site-packages/torch/_subclasses/fake_tensor.py:2017] [0/0]     raise RuntimeError(
E1231 23:25:08.965000 64015 site-packages/torch/_subclasses/fake_tensor.py:2017] [0/0] RuntimeError: Attempting to broadcast a dimension of length 128 at -2! Mismatching argument at index 1 had torch.Size([128, 256]); but expected shape should be broadcastable to [128, 49, 256]
Traceback (most recent call last):
  File "/home/willzhao/diffusion/src/main.py", line 175, in <module>
    trained_model = train_fm(model, dataloader, fm_config, train_config, device, image_shape, images_mean, images_std, vae)
  File "/orcd/home/002/willzhao/diffusion/src/training/train_fm.py", line 69, in train_fm
    loss_val = loss(model, images, labels, train_config.cfg_proportion)
  File "/orcd/home/002/willzhao/diffusion/src/methods/fm/loss.py", line 15, in loss
    v_pred = model(xt, t.view(-1), labels)
  File "/orcd/software/core/001/pkg/miniforge/24.3.0-0/lib/python3.10/site-packages/torch/nn/modules/module.py", line 1736, in _wrapped_call_impl
    return self._call_impl(*args, **kwargs)
  File "/orcd/software/core/001/pkg/miniforge/24.3.0-0/lib/python3.10/site-packages/torch/nn/modules/module.py", line 1747, in _call_impl
    return forward_call(*args, **kwargs)
  File "/orcd/software/core/001/pkg/miniforge/24.3.0-0/lib/python3.10/site-packages/torch/_dynamo/eval_frame.py", line 465, in _fn
    return fn(*args, **kwargs)
  File "/orcd/software/core/001/pkg/miniforge/24.3.0-0/lib/python3.10/site-packages/torch/nn/modules/module.py", line 1736, in _wrapped_call_impl
    return self._call_impl(*args, **kwargs)
  File "/orcd/software/core/001/pkg/miniforge/24.3.0-0/lib/python3.10/site-packages/torch/nn/modules/module.py", line 1747, in _call_impl
    return forward_call(*args, **kwargs)
  File "/orcd/software/core/001/pkg/miniforge/24.3.0-0/lib/python3.10/site-packages/torch/_dynamo/convert_frame.py", line 1269, in __call__
    return self._torchdynamo_orig_callable(
  File "/orcd/software/core/001/pkg/miniforge/24.3.0-0/lib/python3.10/site-packages/torch/_dynamo/convert_frame.py", line 1064, in __call__
    result = self._inner_convert(
  File "/orcd/software/core/001/pkg/miniforge/24.3.0-0/lib/python3.10/site-packages/torch/_dynamo/convert_frame.py", line 526, in __call__
    return _compile(
  File "/orcd/software/core/001/pkg/miniforge/24.3.0-0/lib/python3.10/site-packages/torch/_dynamo/convert_frame.py", line 924, in _compile
    guarded_code = compile_inner(code, one_graph, hooks, transform)
  File "/orcd/software/core/001/pkg/miniforge/24.3.0-0/lib/python3.10/site-packages/torch/_dynamo/convert_frame.py", line 666, in compile_inner
    return _compile_inner(code, one_graph, hooks, transform)
  File "/orcd/software/core/001/pkg/miniforge/24.3.0-0/lib/python3.10/site-packages/torch/_utils_internal.py", line 87, in wrapper_function
    return function(*args, **kwargs)
  File "/orcd/software/core/001/pkg/miniforge/24.3.0-0/lib/python3.10/site-packages/torch/_dynamo/convert_frame.py", line 699, in _compile_inner
    out_code = transform_code_object(code, transform)
  File "/orcd/software/core/001/pkg/miniforge/24.3.0-0/lib/python3.10/site-packages/torch/_dynamo/bytecode_transformation.py", line 1322, in transform_code_object
    transformations(instructions, code_options)
  File "/orcd/software/core/001/pkg/miniforge/24.3.0-0/lib/python3.10/site-packages/torch/_dynamo/convert_frame.py", line 219, in _fn
    return fn(*args, **kwargs)
  File "/orcd/software/core/001/pkg/miniforge/24.3.0-0/lib/python3.10/site-packages/torch/_dynamo/convert_frame.py", line 634, in transform
    tracer.run()
  File "/orcd/software/core/001/pkg/miniforge/24.3.0-0/lib/python3.10/site-packages/torch/_dynamo/symbolic_convert.py", line 2796, in run
    super().run()
  File "/orcd/software/core/001/pkg/miniforge/24.3.0-0/lib/python3.10/site-packages/torch/_dynamo/symbolic_convert.py", line 983, in run
    while self.step():
  File "/orcd/software/core/001/pkg/miniforge/24.3.0-0/lib/python3.10/site-packages/torch/_dynamo/symbolic_convert.py", line 895, in step
    self.dispatch_table[inst.opcode](self, inst)
  File "/orcd/software/core/001/pkg/miniforge/24.3.0-0/lib/python3.10/site-packages/torch/_dynamo/symbolic_convert.py", line 582, in wrapper
    return inner_fn(self, inst)
  File "/orcd/software/core/001/pkg/miniforge/24.3.0-0/lib/python3.10/site-packages/torch/_dynamo/symbolic_convert.py", line 1692, in CALL_FUNCTION_KW
    self.call_function(fn, args, kwargs)
  File "/orcd/software/core/001/pkg/miniforge/24.3.0-0/lib/python3.10/site-packages/torch/_dynamo/symbolic_convert.py", line 830, in call_function
    self.push(fn.call_function(self, args, kwargs))  # type: ignore[arg-type]
  File "/orcd/software/core/001/pkg/miniforge/24.3.0-0/lib/python3.10/site-packages/torch/_dynamo/variables/nn_module.py", line 899, in call_function
    return variables.UserFunctionVariable(fn, source=source).call_function(
  File "/orcd/software/core/001/pkg/miniforge/24.3.0-0/lib/python3.10/site-packages/torch/_dynamo/variables/functions.py", line 324, in call_function
    return super().call_function(tx, args, kwargs)
  File "/orcd/software/core/001/pkg/miniforge/24.3.0-0/lib/python3.10/site-packages/torch/_dynamo/variables/functions.py", line 111, in call_function
    return tx.inline_user_function_return(self, [*self.self_args(), *args], kwargs)
  File "/orcd/software/core/001/pkg/miniforge/24.3.0-0/lib/python3.10/site-packages/torch/_dynamo/symbolic_convert.py", line 836, in inline_user_function_return
    return InliningInstructionTranslator.inline_call(self, fn, args, kwargs)
  File "/orcd/software/core/001/pkg/miniforge/24.3.0-0/lib/python3.10/site-packages/torch/_dynamo/symbolic_convert.py", line 3011, in inline_call
    return cls.inline_call_(parent, func, args, kwargs)
  File "/orcd/software/core/001/pkg/miniforge/24.3.0-0/lib/python3.10/site-packages/torch/_dynamo/symbolic_convert.py", line 3139, in inline_call_
    tracer.run()
  File "/orcd/software/core/001/pkg/miniforge/24.3.0-0/lib/python3.10/site-packages/torch/_dynamo/symbolic_convert.py", line 983, in run
    while self.step():
  File "/orcd/software/core/001/pkg/miniforge/24.3.0-0/lib/python3.10/site-packages/torch/_dynamo/symbolic_convert.py", line 895, in step
    self.dispatch_table[inst.opcode](self, inst)
  File "/orcd/software/core/001/pkg/miniforge/24.3.0-0/lib/python3.10/site-packages/torch/_dynamo/symbolic_convert.py", line 582, in wrapper
    return inner_fn(self, inst)
  File "/orcd/software/core/001/pkg/miniforge/24.3.0-0/lib/python3.10/site-packages/torch/_dynamo/symbolic_convert.py", line 1602, in CALL_FUNCTION
    self.call_function(fn, args, {})
  File "/orcd/software/core/001/pkg/miniforge/24.3.0-0/lib/python3.10/site-packages/torch/_dynamo/symbolic_convert.py", line 830, in call_function
    self.push(fn.call_function(self, args, kwargs))  # type: ignore[arg-type]
  File "/orcd/software/core/001/pkg/miniforge/24.3.0-0/lib/python3.10/site-packages/torch/_dynamo/variables/functions.py", line 111, in call_function
    return tx.inline_user_function_return(self, [*self.self_args(), *args], kwargs)
  File "/orcd/software/core/001/pkg/miniforge/24.3.0-0/lib/python3.10/site-packages/torch/_dynamo/symbolic_convert.py", line 836, in inline_user_function_return
    return InliningInstructionTranslator.inline_call(self, fn, args, kwargs)
  File "/orcd/software/core/001/pkg/miniforge/24.3.0-0/lib/python3.10/site-packages/torch/_dynamo/symbolic_convert.py", line 3011, in inline_call
    return cls.inline_call_(parent, func, args, kwargs)
  File "/orcd/software/core/001/pkg/miniforge/24.3.0-0/lib/python3.10/site-packages/torch/_dynamo/symbolic_convert.py", line 3139, in inline_call_
    tracer.run()
  File "/orcd/software/core/001/pkg/miniforge/24.3.0-0/lib/python3.10/site-packages/torch/_dynamo/symbolic_convert.py", line 983, in run
    while self.step():
  File "/orcd/software/core/001/pkg/miniforge/24.3.0-0/lib/python3.10/site-packages/torch/_dynamo/symbolic_convert.py", line 895, in step
    self.dispatch_table[inst.opcode](self, inst)
  File "/orcd/software/core/001/pkg/miniforge/24.3.0-0/lib/python3.10/site-packages/torch/_dynamo/symbolic_convert.py", line 301, in impl
    self.push(fn_var.call_function(self, self.popn(nargs), {}))
  File "/orcd/software/core/001/pkg/miniforge/24.3.0-0/lib/python3.10/site-packages/torch/_dynamo/variables/builtin.py", line 967, in call_function
    return handler(tx, args, kwargs)
  File "/orcd/software/core/001/pkg/miniforge/24.3.0-0/lib/python3.10/site-packages/torch/_dynamo/variables/builtin.py", line 943, in _handle_insert_op_in_graph
    return wrap_fx_proxy(tx, proxy)
  File "/orcd/software/core/001/pkg/miniforge/24.3.0-0/lib/python3.10/site-packages/torch/_dynamo/variables/builder.py", line 2037, in wrap_fx_proxy
    return wrap_fx_proxy_cls(target_cls=TensorVariable, **kwargs)
  File "/orcd/software/core/001/pkg/miniforge/24.3.0-0/lib/python3.10/site-packages/torch/_dynamo/variables/builder.py", line 2124, in wrap_fx_proxy_cls
    example_value = get_fake_value(proxy.node, tx, allow_non_graph_fake=True)
  File "/orcd/software/core/001/pkg/miniforge/24.3.0-0/lib/python3.10/site-packages/torch/_dynamo/utils.py", line 2082, in get_fake_value
    raise TorchRuntimeError(str(e)).with_traceback(e.__traceback__) from None
  File "/orcd/software/core/001/pkg/miniforge/24.3.0-0/lib/python3.10/site-packages/torch/_dynamo/utils.py", line 2017, in get_fake_value
    ret_val = wrap_fake_exception(
  File "/orcd/software/core/001/pkg/miniforge/24.3.0-0/lib/python3.10/site-packages/torch/_dynamo/utils.py", line 1574, in wrap_fake_exception
    return fn()
  File "/orcd/software/core/001/pkg/miniforge/24.3.0-0/lib/python3.10/site-packages/torch/_dynamo/utils.py", line 2018, in <lambda>
    lambda: run_node(tx.output, node, args, kwargs, nnmodule)
  File "/orcd/software/core/001/pkg/miniforge/24.3.0-0/lib/python3.10/site-packages/torch/_dynamo/utils.py", line 2150, in run_node
    raise RuntimeError(make_error_message(e)).with_traceback(
  File "/orcd/software/core/001/pkg/miniforge/24.3.0-0/lib/python3.10/site-packages/torch/_dynamo/utils.py", line 2132, in run_node
    return node.target(*args, **kwargs)
  File "/orcd/software/core/001/pkg/miniforge/24.3.0-0/lib/python3.10/site-packages/torch/utils/_stats.py", line 21, in wrapper
    return fn(*args, **kwargs)
  File "/orcd/software/core/001/pkg/miniforge/24.3.0-0/lib/python3.10/site-packages/torch/_subclasses/fake_tensor.py", line 1238, in __torch_dispatch__
    return self.dispatch(func, types, args, kwargs)
  File "/orcd/software/core/001/pkg/miniforge/24.3.0-0/lib/python3.10/site-packages/torch/_subclasses/fake_tensor.py", line 1692, in dispatch
    return self._cached_dispatch_impl(func, types, args, kwargs)
  File "/orcd/software/core/001/pkg/miniforge/24.3.0-0/lib/python3.10/site-packages/torch/_subclasses/fake_tensor.py", line 1339, in _cached_dispatch_impl
    output = self._dispatch_impl(func, types, args, kwargs)
  File "/orcd/software/core/001/pkg/miniforge/24.3.0-0/lib/python3.10/site-packages/torch/_subclasses/fake_tensor.py", line 2013, in _dispatch_impl
    r = func(*args, **kwargs)
  File "/orcd/software/core/001/pkg/miniforge/24.3.0-0/lib/python3.10/site-packages/torch/_ops.py", line 716, in __call__
    return self._op(*args, **kwargs)
  File "/orcd/software/core/001/pkg/miniforge/24.3.0-0/lib/python3.10/site-packages/torch/_prims_common/wrappers.py", line 273, in _fn
    result = fn(*args, **kwargs)
  File "/orcd/software/core/001/pkg/miniforge/24.3.0-0/lib/python3.10/site-packages/torch/_prims_common/wrappers.py", line 141, in _fn
    result = fn(**bound.arguments)
  File "/orcd/software/core/001/pkg/miniforge/24.3.0-0/lib/python3.10/site-packages/torch/_refs/__init__.py", line 1049, in _ref
    a, b = _maybe_broadcast(a, b)
  File "/orcd/software/core/001/pkg/miniforge/24.3.0-0/lib/python3.10/site-packages/torch/_refs/__init__.py", line 422, in _maybe_broadcast
    common_shape = _broadcast_shapes(
  File "/orcd/software/core/001/pkg/miniforge/24.3.0-0/lib/python3.10/site-packages/torch/_refs/__init__.py", line 411, in _broadcast_shapes
    raise RuntimeError(
torch._dynamo.exc.TorchRuntimeError: Failed running call_function <built-in function mul>(*(FakeTensor(..., device='cuda:0', size=(128, 49, 256),
           grad_fn=<NativeLayerNormBackward0>), FakeTensor(..., device='cuda:0', size=(128, 256), dtype=torch.bfloat16,
           grad_fn=<AddBackward0>)), **{}):
Attempting to broadcast a dimension of length 128 at -2! Mismatching argument at index 1 had torch.Size([128, 256]); but expected shape should be broadcastable to [128, 49, 256]

from user code:
   File "/orcd/home/002/willzhao/diffusion/src/nn/dit.py", line 46, in forward
    x = block(x, emb, c=cross_attn_tokens)
  File "/orcd/home/002/willzhao/diffusion/src/nn/transformer.py", line 78, in forward
    x = modulate(self.ln_self_attn(res), scale1, shift1)
  File "/orcd/home/002/willzhao/diffusion/src/nn/transformer.py", line 73, in modulate
    return x * (1 + scale) + shift

Set TORCH_LOGS="+dynamo" and TORCHDYNAMO_VERBOSE=1 for more information


You can suppress this exception and fall back to eager by setting:
    import torch._dynamo
    torch._dynamo.config.suppress_errors = True

