Defaulting to user installation because normal site-packages is not writeable
Requirement already satisfied: numpy in /orcd/software/core/001/pkg/miniforge/24.3.0-0/lib/python3.10/site-packages (from -r /home/willzhao/diffusion/requirements.txt (line 1)) (1.26.4)
Requirement already satisfied: idx2numpy in /orcd/home/002/willzhao/.local/lib/python3.10/site-packages (from -r /home/willzhao/diffusion/requirements.txt (line 2)) (1.2.3)
Requirement already satisfied: torch in /orcd/software/core/001/pkg/miniforge/24.3.0-0/lib/python3.10/site-packages (from -r /home/willzhao/diffusion/requirements.txt (line 3)) (2.5.1)
Requirement already satisfied: torchvision in /orcd/software/core/001/pkg/miniforge/24.3.0-0/lib/python3.10/site-packages (from -r /home/willzhao/diffusion/requirements.txt (line 4)) (0.20.1)
Requirement already satisfied: pyyaml in /orcd/software/core/001/pkg/miniforge/24.3.0-0/lib/python3.10/site-packages (from -r /home/willzhao/diffusion/requirements.txt (line 5)) (6.0.2)
Requirement already satisfied: matplotlib in /orcd/software/core/001/pkg/miniforge/24.3.0-0/lib/python3.10/site-packages (from -r /home/willzhao/diffusion/requirements.txt (line 6)) (3.9.3)
Requirement already satisfied: pillow in /orcd/software/core/001/pkg/miniforge/24.3.0-0/lib/python3.10/site-packages (from -r /home/willzhao/diffusion/requirements.txt (line 7)) (11.0.0)
Requirement already satisfied: six in /orcd/software/core/001/pkg/miniforge/24.3.0-0/lib/python3.10/site-packages (from idx2numpy->-r /home/willzhao/diffusion/requirements.txt (line 2)) (1.17.0)
Requirement already satisfied: filelock in /orcd/software/core/001/pkg/miniforge/24.3.0-0/lib/python3.10/site-packages (from torch->-r /home/willzhao/diffusion/requirements.txt (line 3)) (3.16.1)
Requirement already satisfied: typing-extensions>=4.8.0 in /orcd/software/core/001/pkg/miniforge/24.3.0-0/lib/python3.10/site-packages (from torch->-r /home/willzhao/diffusion/requirements.txt (line 3)) (4.12.2)
Requirement already satisfied: networkx in /orcd/software/core/001/pkg/miniforge/24.3.0-0/lib/python3.10/site-packages (from torch->-r /home/willzhao/diffusion/requirements.txt (line 3)) (3.4.2)
Requirement already satisfied: jinja2 in /orcd/software/core/001/pkg/miniforge/24.3.0-0/lib/python3.10/site-packages (from torch->-r /home/willzhao/diffusion/requirements.txt (line 3)) (3.1.4)
Requirement already satisfied: fsspec in /orcd/software/core/001/pkg/miniforge/24.3.0-0/lib/python3.10/site-packages (from torch->-r /home/willzhao/diffusion/requirements.txt (line 3)) (2024.10.0)
Requirement already satisfied: sympy==1.13.1 in /orcd/software/core/001/pkg/miniforge/24.3.0-0/lib/python3.10/site-packages (from torch->-r /home/willzhao/diffusion/requirements.txt (line 3)) (1.13.1)
Requirement already satisfied: mpmath<1.4,>=1.1.0 in /orcd/software/core/001/pkg/miniforge/24.3.0-0/lib/python3.10/site-packages (from sympy==1.13.1->torch->-r /home/willzhao/diffusion/requirements.txt (line 3)) (1.3.0)
Requirement already satisfied: contourpy>=1.0.1 in /orcd/software/core/001/pkg/miniforge/24.3.0-0/lib/python3.10/site-packages (from matplotlib->-r /home/willzhao/diffusion/requirements.txt (line 6)) (1.3.1)
Requirement already satisfied: cycler>=0.10 in /orcd/software/core/001/pkg/miniforge/24.3.0-0/lib/python3.10/site-packages (from matplotlib->-r /home/willzhao/diffusion/requirements.txt (line 6)) (0.12.1)
Requirement already satisfied: fonttools>=4.22.0 in /orcd/software/core/001/pkg/miniforge/24.3.0-0/lib/python3.10/site-packages (from matplotlib->-r /home/willzhao/diffusion/requirements.txt (line 6)) (4.55.1)
Requirement already satisfied: kiwisolver>=1.3.1 in /orcd/software/core/001/pkg/miniforge/24.3.0-0/lib/python3.10/site-packages (from matplotlib->-r /home/willzhao/diffusion/requirements.txt (line 6)) (1.4.7)
Requirement already satisfied: packaging>=20.0 in /orcd/software/core/001/pkg/miniforge/24.3.0-0/lib/python3.10/site-packages (from matplotlib->-r /home/willzhao/diffusion/requirements.txt (line 6)) (24.0)
Requirement already satisfied: pyparsing>=2.3.1 in /orcd/software/core/001/pkg/miniforge/24.3.0-0/lib/python3.10/site-packages (from matplotlib->-r /home/willzhao/diffusion/requirements.txt (line 6)) (3.2.0)
Requirement already satisfied: python-dateutil>=2.7 in /orcd/software/core/001/pkg/miniforge/24.3.0-0/lib/python3.10/site-packages (from matplotlib->-r /home/willzhao/diffusion/requirements.txt (line 6)) (2.9.0.post0)
Requirement already satisfied: MarkupSafe>=2.0 in /orcd/software/core/001/pkg/miniforge/24.3.0-0/lib/python3.10/site-packages (from jinja2->torch->-r /home/willzhao/diffusion/requirements.txt (line 3)) (3.0.2)
Files already downloaded and verified
Files already downloaded and verified
